TN:
SF:C:/Users/ChuksJoe/Desktop/AutoMart/api/v1/index.js
FN:47,(anonymous_1)
FN:51,(anonymous_2)
FN:55,(anonymous_3)
FN:59,(anonymous_4)
FN:63,(anonymous_5)
FN:67,(anonymous_6)
FN:71,(anonymous_7)
FN:75,(anonymous_8)
FN:79,(anonymous_9)
FN:83,(anonymous_10)
FN:87,(anonymous_11)
FN:91,(anonymous_12)
FN:96,(anonymous_13)
FN:100,(anonymous_14)
FNF:14
FNH:14
FNDA:1,(anonymous_1)
FNDA:3,(anonymous_2)
FNDA:1,(anonymous_3)
FNDA:1,(anonymous_4)
FNDA:1,(anonymous_5)
FNDA:1,(anonymous_6)
FNDA:1,(anonymous_7)
FNDA:1,(anonymous_8)
FNDA:1,(anonymous_9)
FNDA:1,(anonymous_10)
FNDA:1,(anonymous_11)
FNDA:1,(anonymous_12)
FNDA:1,(anonymous_13)
FNDA:1,(anonymous_14)
DA:1,1
DA:2,1
DA:3,1
DA:4,1
DA:5,1
DA:7,1
DA:9,1
DA:10,1
DA:11,1
DA:13,1
DA:14,1
DA:15,1
DA:17,1
DA:18,1
DA:19,1
DA:22,1
DA:23,1
DA:33,1
DA:36,1
DA:38,1
DA:39,1
DA:42,1
DA:43,1
DA:44,1
DA:45,1
DA:47,1
DA:48,1
DA:51,1
DA:52,3
DA:55,1
DA:56,1
DA:59,1
DA:60,1
DA:63,1
DA:64,1
DA:67,1
DA:68,1
DA:71,1
DA:72,1
DA:75,1
DA:76,1
DA:79,1
DA:80,1
DA:83,1
DA:84,1
DA:87,1
DA:88,1
DA:91,1
DA:92,1
DA:96,1
DA:97,1
DA:100,1
DA:101,1
DA:105,1
DA:106,1
LF:55
LH:55
BRDA:100,0,0,1
BRDA:100,0,1,0
BRF:2
BRH:1
end_of_record
TN:
SF:C:/Users/ChuksJoe/Desktop/AutoMart/api/v1/server.js
FNF:0
FNH:0
DA:1,1
DA:2,1
DA:4,1
DA:5,1
DA:6,1
DA:7,1
DA:8,1
DA:10,1
DA:11,1
DA:14,1
DA:15,1
DA:16,1
DA:17,1
DA:18,1
DA:19,1
DA:20,1
DA:23,1
DA:24,1
DA:25,1
DA:26,1
DA:27,1
DA:28,1
DA:31,1
DA:32,1
DA:33,1
DA:34,1
DA:35,1
DA:36,1
DA:37,1
DA:40,1
DA:41,1
DA:42,1
DA:43,1
DA:45,1
LF:34
LH:34
BRF:0
BRH:0
end_of_record
TN:
SF:C:/Users/ChuksJoe/Desktop/AutoMart/api/v1/controllers/auth.js
FN:14,(anonymous_1)
FN:46,(anonymous_2)
FN:58,(anonymous_3)
FN:68,(anonymous_4)
FN:83,(anonymous_5)
FN:103,(anonymous_6)
FN:131,(anonymous_7)
FNF:7
FNH:7
FNDA:5,(anonymous_1)
FNDA:11,(anonymous_2)
FNDA:1,(anonymous_3)
FNDA:3,(anonymous_4)
FNDA:2,(anonymous_5)
FNDA:5,(anonymous_6)
FNDA:3,(anonymous_7)
DA:1,1
DA:2,1
DA:3,1
DA:6,1
DA:7,1
DA:8,1
DA:9,1
DA:10,1
DA:15,5
DA:19,5
DA:20,5
DA:21,5
DA:22,5
DA:25,5
DA:26,4
DA:27,4
DA:29,4
DA:30,4
DA:31,4
DA:32,4
DA:34,4
DA:36,1
DA:37,1
DA:40,0
DA:47,11
DA:48,11
DA:49,11
DA:50,11
DA:51,11
DA:53,0
DA:59,1
DA:60,1
DA:61,1
DA:63,0
DA:69,3
DA:70,3
DA:71,3
DA:72,2
DA:73,2
DA:74,1
DA:75,1
DA:76,1
DA:78,2
DA:84,2
DA:85,2
DA:86,2
DA:87,2
DA:88,2
DA:89,2
DA:90,2
DA:93,2
DA:99,0
DA:104,5
DA:105,5
DA:107,5
DA:108,1
DA:110,4
DA:111,3
DA:112,2
DA:113,2
DA:114,2
DA:117,1
DA:118,1
DA:122,1
DA:123,1
DA:124,1
DA:125,1
DA:127,4
DA:132,3
DA:133,3
DA:134,3
DA:135,2
DA:136,2
DA:137,2
DA:138,1
DA:139,1
DA:140,1
DA:146,2
LF:78
LH:74
BRDA:36,0,0,1
BRDA:36,0,1,0
BRDA:40,1,0,0
BRDA:40,1,1,0
BRDA:53,2,0,0
BRDA:53,2,1,0
BRDA:63,3,0,0
BRDA:63,3,1,0
BRDA:78,4,0,2
BRDA:78,4,1,0
BRDA:99,5,0,0
BRDA:99,5,1,0
BRDA:107,6,0,1
BRDA:107,6,1,4
BRDA:110,7,0,4
BRDA:110,7,1,3
BRDA:118,8,0,1
BRDA:118,8,1,0
BRDA:118,9,0,1
BRDA:118,9,1,0
BRDA:118,10,0,1
BRDA:118,10,1,1
BRDA:119,11,0,1
BRDA:119,11,1,1
BRDA:119,12,0,1
BRDA:119,12,1,0
BRDA:119,13,0,1
BRDA:119,13,1,1
BRDA:120,14,0,1
BRDA:120,14,1,1
BRDA:127,15,0,4
BRDA:127,15,1,0
BRDA:134,16,0,3
BRDA:134,16,1,1
BRDA:146,17,0,2
BRDA:146,17,1,0
BRF:36
BRH:21
end_of_record
TN:
SF:C:/Users/ChuksJoe/Desktop/AutoMart/api/v1/controllers/cars.js
FN:19,(anonymous_1)
FN:54,(anonymous_2)
FN:70,(anonymous_3)
FN:85,(anonymous_4)
FN:136,(anonymous_5)
FN:150,(anonymous_6)
FN:172,(anonymous_7)
FN:192,(anonymous_8)
FN:210,(anonymous_9)
FNF:9
FNH:8
FNDA:6,(anonymous_1)
FNDA:3,(anonymous_2)
FNDA:0,(anonymous_3)
FNDA:37,(anonymous_4)
FNDA:2,(anonymous_5)
FNDA:2,(anonymous_6)
FNDA:4,(anonymous_7)
FNDA:6,(anonymous_8)
FNDA:2,(anonymous_9)
DA:1,1
DA:3,1
DA:4,1
DA:5,1
DA:6,1
DA:8,1
DA:9,1
DA:11,1
DA:20,6
DA:21,6
DA:24,6
DA:30,6
DA:31,6
DA:32,6
DA:33,6
DA:34,6
DA:36,6
DA:38,3
DA:44,3
DA:45,3
DA:47,3
DA:49,3
DA:55,3
DA:56,3
DA:57,3
DA:58,3
DA:59,3
DA:65,3
DA:66,3
DA:68,3
DA:71,0
DA:72,0
DA:73,0
DA:75,0
DA:79,0
DA:86,37
DA:87,37
DA:88,37
DA:90,37
DA:91,37
DA:92,2
DA:93,2
DA:94,2
DA:98,37
DA:99,37
DA:100,23
DA:104,37
DA:105,37
DA:106,2
DA:110,37
DA:111,37
DA:112,1
DA:116,37
DA:117,37
DA:118,2
DA:122,37
DA:123,37
DA:124,5
DA:126,37
DA:128,37
DA:129,37
DA:131,0
DA:137,2
DA:138,2
DA:139,2
DA:140,2
DA:141,2
DA:142,2
DA:143,1
DA:145,1
DA:151,2
DA:152,2
DA:153,2
DA:154,2
DA:155,2
DA:156,2
DA:157,2
DA:158,1
DA:159,1
DA:160,1
DA:161,1
DA:167,1
DA:173,4
DA:174,4
DA:175,4
DA:176,4
DA:177,4
DA:178,3
DA:179,3
DA:180,3
DA:181,2
DA:182,1
DA:183,1
DA:184,1
DA:185,1
DA:187,3
DA:193,6
DA:194,6
DA:195,6
DA:196,6
DA:197,6
DA:198,6
DA:199,6
DA:200,6
DA:201,6
DA:203,5
DA:204,5
DA:205,5
DA:206,5
DA:207,5
DA:208,2
DA:209,2
DA:210,2
DA:211,2
DA:212,0
DA:213,0
DA:215,2
DA:218,5
DA:224,1
LF:119
LH:111
BRDA:31,0,0,6
BRDA:31,0,1,1
BRDA:32,1,0,6
BRDA:32,1,1,1
BRDA:33,2,0,6
BRDA:33,2,1,1
BRDA:34,3,0,6
BRDA:34,3,1,1
BRDA:36,4,0,3
BRDA:36,4,1,3
BRDA:36,5,0,6
BRDA:36,5,1,6
BRDA:36,5,2,3
BRDA:71,6,0,0
BRDA:71,6,1,0
BRDA:79,7,0,0
BRDA:79,7,1,0
BRDA:88,8,0,28
BRDA:88,8,1,9
BRDA:91,9,0,2
BRDA:91,9,1,35
BRDA:91,10,0,37
BRDA:91,10,1,35
BRDA:92,11,0,0
BRDA:92,11,1,2
BRDA:93,12,0,1
BRDA:93,12,1,1
BRDA:99,13,0,23
BRDA:99,13,1,14
BRDA:105,14,0,2
BRDA:105,14,1,35
BRDA:111,15,0,1
BRDA:111,15,1,36
BRDA:117,16,0,2
BRDA:117,16,1,35
BRDA:123,17,0,5
BRDA:123,17,1,32
BRDA:131,18,0,0
BRDA:131,18,1,0
BRDA:145,19,0,1
BRDA:145,19,1,0
BRDA:167,20,0,1
BRDA:167,20,1,0
BRDA:187,21,0,3
BRDA:187,21,1,0
BRDA:201,22,0,6
BRDA:201,22,1,4
BRDA:207,23,0,2
BRDA:207,23,1,3
BRDA:211,24,0,0
BRDA:211,24,1,2
BRDA:224,25,0,1
BRDA:224,25,1,0
BRF:53
BRH:41
end_of_record
TN:
SF:C:/Users/ChuksJoe/Desktop/AutoMart/api/v1/controllers/flags.js
FN:12,(anonymous_1)
FN:45,(anonymous_2)
FN:63,(anonymous_3)
FN:90,(anonymous_4)
FNF:4
FNH:4
FNDA:6,(anonymous_1)
FNDA:6,(anonymous_2)
FNDA:3,(anonymous_3)
FNDA:2,(anonymous_4)
DA:1,1
DA:3,1
DA:4,1
DA:5,1
DA:6,1
DA:7,1
DA:13,6
DA:14,6
DA:15,6
DA:16,6
DA:17,6
DA:18,6
DA:19,5
DA:21,4
DA:22,4
DA:23,4
DA:24,4
DA:26,3
DA:27,3
DA:28,2
DA:31,2
DA:32,2
DA:34,2
DA:40,4
DA:46,6
DA:47,6
DA:48,6
DA:49,6
DA:50,6
DA:51,6
DA:52,6
DA:53,5
DA:55,4
DA:56,4
DA:58,2
DA:64,3
DA:65,3
DA:66,3
DA:67,3
DA:68,3
DA:69,2
DA:70,1
DA:72,1
DA:73,1
DA:76,1
DA:77,1
DA:79,1
DA:85,2
DA:91,2
DA:92,2
DA:93,2
DA:94,2
DA:95,2
DA:96,2
DA:97,1
DA:98,1
DA:99,1
DA:105,1
LF:58
LH:58
BRDA:40,0,0,4
BRDA:40,0,1,0
BRDA:53,1,0,5
BRDA:53,1,1,1
BRDA:58,2,0,2
BRDA:58,2,1,0
BRDA:69,3,0,1
BRDA:69,3,1,1
BRDA:85,4,0,2
BRDA:85,4,1,0
BRDA:105,5,0,1
BRDA:105,5,1,0
BRF:12
BRH:8
end_of_record
TN:
SF:C:/Users/ChuksJoe/Desktop/AutoMart/api/v1/controllers/orders.js
FN:9,(anonymous_1)
FN:40,(anonymous_2)
FN:51,(anonymous_3)
FN:62,(anonymous_4)
FN:90,(anonymous_5)
FN:116,(anonymous_6)
FN:139,(anonymous_7)
FNF:7
FNH:7
FNDA:6,(anonymous_1)
FNDA:4,(anonymous_2)
FNDA:4,(anonymous_3)
FNDA:2,(anonymous_4)
FNDA:3,(anonymous_5)
FNDA:2,(anonymous_6)
FNDA:2,(anonymous_7)
DA:1,1
DA:3,1
DA:4,1
DA:5,1
DA:10,6
DA:11,6
DA:12,6
DA:13,5
DA:15,5
DA:16,5
DA:17,5
DA:18,4
DA:19,3
DA:20,3
DA:21,3
DA:22,3
DA:26,2
DA:27,2
DA:31,2
DA:32,2
DA:33,2
DA:35,4
DA:41,4
DA:42,4
DA:43,4
DA:44,4
DA:46,0
DA:52,4
DA:53,4
DA:54,4
DA:55,4
DA:57,0
DA:63,2
DA:64,2
DA:65,2
DA:66,2
DA:67,2
DA:68,1
DA:69,1
DA:70,1
DA:71,1
DA:72,1
DA:74,1
DA:75,1
DA:76,1
DA:77,1
DA:78,1
DA:79,1
DA:80,1
DA:81,1
DA:83,1
DA:85,1
DA:91,3
DA:92,3
DA:93,3
DA:94,3
DA:95,3
DA:96,3
DA:97,2
DA:98,2
DA:102,1
DA:103,1
DA:104,1
DA:105,1
DA:111,2
DA:117,2
DA:118,2
DA:119,2
DA:120,2
DA:121,2
DA:122,2
DA:123,1
DA:124,1
DA:126,1
DA:127,1
DA:128,1
DA:134,1
DA:140,2
DA:141,2
DA:142,2
DA:143,2
DA:144,2
DA:145,2
DA:146,2
DA:147,1
DA:148,1
DA:149,1
DA:150,1
DA:151,1
DA:152,1
DA:153,1
DA:159,1
LF:92
LH:90
BRDA:35,0,0,4
BRDA:35,0,1,0
BRDA:46,1,0,0
BRDA:46,1,1,0
BRDA:57,2,0,0
BRDA:57,2,1,0
BRDA:78,3,0,1
BRDA:78,3,1,0
BRDA:85,4,0,1
BRDA:85,4,1,0
BRDA:111,5,0,2
BRDA:111,5,1,0
BRDA:134,6,0,1
BRDA:134,6,1,0
BRDA:159,7,0,1
BRDA:159,7,1,0
BRF:16
BRH:6
end_of_record
TN:
SF:C:\Users\ChuksJoe\Desktop\AutoMart\api\v1\db\db.js
FN:11,(anonymous_0)
FN:15,runQuery
FN:17,(anonymous_2)
FN:21,(anonymous_3)
FN:27,(anonymous_4)
FN:50,(anonymous_5)
FN:85,(anonymous_6)
FN:105,(anonymous_7)
FN:124,(anonymous_8)
FN:128,(anonymous_9)
FN:132,(anonymous_10)
FN:136,(anonymous_11)
FN:140,(anonymous_12)
FN:144,(anonymous_13)
FNF:14
FNH:5
FNDA:1,(anonymous_0)
FNDA:1,runQuery
FNDA:1,(anonymous_2)
FNDA:0,(anonymous_3)
FNDA:0,(anonymous_4)
FNDA:0,(anonymous_5)
FNDA:0,(anonymous_6)
FNDA:0,(anonymous_7)
FNDA:0,(anonymous_8)
FNDA:0,(anonymous_9)
FNDA:0,(anonymous_10)
FNDA:0,(anonymous_11)
FNDA:1,(anonymous_12)
FNDA:1,(anonymous_13)
DA:1,1
DA:2,1
DA:3,1
DA:4,1
DA:6,1
DA:11,1
DA:12,1
DA:16,1
DA:18,1
DA:19,1
DA:22,0
DA:23,0
DA:27,1
DA:28,0
DA:47,0
DA:50,1
DA:51,0
DA:82,0
DA:85,1
DA:86,0
DA:102,0
DA:105,1
DA:106,0
DA:121,0
DA:124,1
DA:125,0
DA:128,1
DA:129,0
DA:132,1
DA:133,0
DA:136,1
DA:137,0
DA:140,1
DA:141,1
DA:144,1
DA:145,1
DA:146,1
DA:149,1
DA:161,1
LF:39
LH:25
BRDA:8,0,0,1
BRDA:8,0,1,1
BRF:2
BRH:2
end_of_record
TN:
SF:C:/Users/ChuksJoe/Desktop/AutoMart/api/v1/db/index.js
FN:12,(anonymous_0)
FN:13,(anonymous_1)
FN:15,(anonymous_2)
FN:18,(anonymous_3)
FNF:4
FNH:4
FNDA:199,(anonymous_0)
FNDA:199,(anonymous_1)
FNDA:198,(anonymous_2)
FNDA:1,(anonymous_3)
DA:1,1
DA:3,1
DA:4,1
DA:6,1
DA:13,199
DA:14,199
DA:16,198
DA:19,1
LF:8
LH:8
BRDA:8,0,0,1
BRDA:8,0,1,1
BRF:2
BRH:2
end_of_record
TN:
SF:C:/Users/ChuksJoe/Desktop/AutoMart/api/v1/db/queryText.js
FNF:0
FNH:0
DA:1,1
LF:1
LH:1
BRF:0
BRH:0
end_of_record
TN:
SF:C:/Users/ChuksJoe/Desktop/AutoMart/api/v1/helpers/ApiError.js
FN:2,(anonymous_0)
FNF:1
FNH:1
FNDA:48,(anonymous_0)
DA:3,48
DA:5,48
DA:6,48
LF:3
LH:3
BRF:0
BRH:0
end_of_record
TN:
SF:C:/Users/ChuksJoe/Desktop/AutoMart/api/v1/helpers/sendEmails.js
FN:4,(anonymous_1)
FN:24,(anonymous_2)
FN:39,(anonymous_3)
FN:58,(anonymous_4)
FNF:4
FNH:4
FNDA:4,(anonymous_1)
FNDA:2,(anonymous_2)
FNDA:2,(anonymous_3)
FNDA:1,(anonymous_4)
DA:1,1
DA:5,4
DA:6,4
DA:22,4
DA:27,2
DA:28,2
DA:37,2
DA:42,2
DA:43,2
DA:56,2
DA:61,1
DA:62,1
DA:74,1
LF:13
LH:13
BRF:0
BRH:0
end_of_record
TN:
SF:C:/Users/ChuksJoe/Desktop/AutoMart/api/v1/helpers/utils.js
FN:11,(anonymous_1)
FN:14,(anonymous_2)
FN:24,(anonymous_3)
FN:31,(anonymous_4)
FN:40,(anonymous_5)
FNF:5
FNH:3
FNDA:0,(anonymous_1)
FNDA:0,(anonymous_2)
FNDA:15,(anonymous_3)
FNDA:9,(anonymous_4)
FNDA:6,(anonymous_5)
DA:1,1
DA:2,1
DA:4,1
DA:6,1
DA:7,1
DA:8,1
DA:11,1
DA:13,1
DA:15,0
DA:16,0
DA:18,0
DA:19,0
DA:20,0
DA:25,15
DA:26,15
DA:27,15
DA:28,15
DA:32,9
DA:33,9
DA:40,9
DA:41,6
DA:42,6
DA:45,0
LF:23
LH:17
BRDA:11,0,0,0
BRDA:11,0,1,0
BRDA:41,1,0,0
BRDA:41,1,1,6
BRF:4
BRH:1
end_of_record
TN:
SF:C:/Users/ChuksJoe/Desktop/AutoMart/api/v1/helpers/validators.js
FN:9,(anonymous_1)
FN:35,(anonymous_2)
FN:47,(anonymous_3)
FN:52,(anonymous_4)
FN:57,(anonymous_5)
FN:62,(anonymous_6)
FN:67,(anonymous_7)
FN:72,(anonymous_8)
FN:97,(anonymous_9)
FN:123,(anonymous_10)
FN:152,(anonymous_11)
FN:158,(anonymous_12)
FN:178,(anonymous_13)
FN:183,(anonymous_14)
FN:188,(anonymous_15)
FN:193,(anonymous_16)
FN:198,(anonymous_17)
FN:203,(anonymous_18)
FNF:18
FNH:18
FNDA:117,(anonymous_1)
FNDA:9,(anonymous_2)
FNDA:1,(anonymous_3)
FNDA:9,(anonymous_4)
FNDA:18,(anonymous_5)
FNDA:53,(anonymous_6)
FNDA:45,(anonymous_7)
FNDA:6,(anonymous_8)
FNDA:15,(anonymous_9)
FNDA:5,(anonymous_10)
FNDA:3,(anonymous_11)
FNDA:7,(anonymous_12)
FNDA:10,(anonymous_13)
FNDA:12,(anonymous_14)
FNDA:6,(anonymous_15)
FNDA:4,(anonymous_16)
FNDA:4,(anonymous_17)
FNDA:8,(anonymous_18)
DA:1,1
DA:2,1
DA:4,1
DA:5,1
DA:6,1
DA:10,117
DA:11,117
DA:12,2
DA:14,115
DA:15,115
DA:16,0
DA:18,115
DA:19,115
DA:20,115
DA:23,115
DA:24,115
DA:26,0
DA:27,0
DA:30,2
DA:33,117
DA:36,9
DA:37,9
DA:38,9
DA:39,3
DA:41,6
DA:43,3
DA:48,1
DA:49,1
DA:53,9
DA:54,2
DA:58,18
DA:59,4
DA:63,53
DA:64,13
DA:68,45
DA:69,1
DA:73,6
DA:74,6
DA:77,6
DA:78,6
DA:79,6
DA:80,6
DA:81,5
DA:82,6
DA:83,6
DA:84,6
DA:85,6
DA:86,5
DA:88,6
DA:89,1
DA:91,5
DA:93,1
DA:98,15
DA:99,15
DA:100,15
DA:101,1
DA:103,14
DA:104,1
DA:106,13
DA:107,13
DA:108,1
DA:110,12
DA:111,12
DA:112,12
DA:113,1
DA:115,11
DA:116,11
DA:117,11
DA:119,4
DA:124,5
DA:125,5
DA:126,5
DA:127,5
DA:129,5
DA:130,1
DA:132,4
DA:133,4
DA:134,1
DA:136,3
DA:137,1
DA:139,2
DA:140,2
DA:141,1
DA:143,1
DA:145,2
DA:146,2
DA:148,3
DA:153,3
DA:154,1
DA:159,7
DA:160,7
DA:163,7
DA:164,7
DA:165,7
DA:166,7
DA:167,7
DA:168,7
DA:169,7
DA:170,1
DA:172,6
DA:174,1
DA:179,10
DA:180,2
DA:184,12
DA:185,3
DA:189,6
DA:190,2
DA:194,4
DA:195,1
DA:199,4
DA:200,1
DA:204,8
DA:205,8
DA:206,8
DA:207,1
DA:209,7
DA:210,1
DA:212,6
DA:214,2
LF:119
LH:116
BRDA:11,0,0,2
BRDA:11,0,1,115
BRDA:11,1,0,117
BRDA:11,1,1,117
BRDA:15,2,0,0
BRDA:15,2,1,115
BRDA:38,3,0,3
BRDA:38,3,1,6
BRDA:48,4,0,1
BRDA:48,4,1,0
BRDA:53,5,0,2
BRDA:53,5,1,7
BRDA:58,6,0,4
BRDA:58,6,1,14
BRDA:63,7,0,13
BRDA:63,7,1,40
BRDA:68,8,0,1
BRDA:68,8,1,44
BRDA:78,9,0,1
BRDA:78,9,1,5
BRDA:78,10,0,6
BRDA:78,10,1,6
BRDA:79,11,0,0
BRDA:79,11,1,6
BRDA:79,12,0,6
BRDA:79,12,1,6
BRDA:80,13,0,1
BRDA:80,13,1,5
BRDA:80,14,0,6
BRDA:80,14,1,6
BRDA:81,15,0,0
BRDA:81,15,1,5
BRDA:82,16,0,0
BRDA:82,16,1,6
BRDA:82,17,0,6
BRDA:82,17,1,6
BRDA:83,18,0,0
BRDA:83,18,1,6
BRDA:84,19,0,0
BRDA:84,19,1,6
BRDA:85,20,0,5
BRDA:85,20,1,1
BRDA:86,21,0,0
BRDA:86,21,1,5
BRDA:88,22,0,1
BRDA:88,22,1,5
BRDA:100,23,0,1
BRDA:100,23,1,14
BRDA:100,24,0,15
BRDA:100,24,1,15
BRDA:103,25,0,1
BRDA:103,25,1,13
BRDA:103,26,0,14
BRDA:103,26,1,14
BRDA:107,27,0,1
BRDA:107,27,1,12
BRDA:112,28,0,1
BRDA:112,28,1,11
BRDA:119,29,0,4
BRDA:119,29,1,0
BRDA:129,30,0,1
BRDA:129,30,1,4
BRDA:129,31,0,5
BRDA:129,31,1,3
BRDA:129,31,2,3
BRDA:133,32,0,1
BRDA:133,32,1,3
BRDA:136,33,0,1
BRDA:136,33,1,2
BRDA:136,34,0,3
BRDA:136,34,1,1
BRDA:140,35,0,1
BRDA:140,35,1,1
BRDA:148,36,0,3
BRDA:148,36,1,0
BRDA:153,37,0,1
BRDA:153,37,1,2
BRDA:153,38,0,3
BRDA:153,38,1,2
BRDA:153,38,2,1
BRDA:164,39,0,0
BRDA:164,39,1,7
BRDA:164,40,0,7
BRDA:164,40,1,7
BRDA:165,41,0,1
BRDA:165,41,1,6
BRDA:165,42,0,7
BRDA:165,42,1,7
BRDA:166,43,0,0
BRDA:166,43,1,7
BRDA:166,44,0,7
BRDA:166,44,1,7
BRDA:167,45,0,1
BRDA:167,45,1,6
BRDA:167,46,0,7
BRDA:167,46,1,7
BRDA:168,47,0,0
BRDA:168,47,1,7
BRDA:168,48,0,7
BRDA:168,48,1,7
BRDA:169,49,0,1
BRDA:169,49,1,6
BRDA:179,50,0,2
BRDA:179,50,1,8
BRDA:184,51,0,3
BRDA:184,51,1,9
BRDA:184,52,0,12
BRDA:184,52,1,9
BRDA:189,53,0,2
BRDA:189,53,1,4
BRDA:194,54,0,1
BRDA:194,54,1,3
BRDA:199,55,0,1
BRDA:199,55,1,3
BRDA:206,56,0,1
BRDA:206,56,1,7
BRDA:206,57,0,8
BRDA:206,57,1,8
BRDA:209,58,0,1
BRDA:209,58,1,6
BRDA:209,59,0,7
BRDA:209,59,1,6
BRDA:209,59,2,6
BRDA:209,59,3,6
BRF:124
BRH:111
end_of_record
TN:
SF:C:/Users/ChuksJoe/Desktop/AutoMart/tests/1-usersTest.js
FN:12,(anonymous_1)
FN:13,(anonymous_2)
FN:16,(anonymous_3)
FN:19,(anonymous_4)
FN:24,(anonymous_5)
FN:27,(anonymous_6)
FN:32,(anonymous_7)
FN:35,(anonymous_8)
FN:40,(anonymous_9)
FN:43,(anonymous_10)
FN:48,(anonymous_11)
FN:51,(anonymous_12)
FN:56,(anonymous_13)
FN:59,(anonymous_14)
FN:64,(anonymous_15)
FN:67,(anonymous_16)
FN:72,(anonymous_17)
FN:75,(anonymous_18)
FN:80,(anonymous_19)
FN:83,(anonymous_20)
FN:88,(anonymous_21)
FN:91,(anonymous_22)
FN:96,(anonymous_23)
FN:99,(anonymous_24)
FN:104,(anonymous_25)
FN:107,(anonymous_26)
FN:112,(anonymous_27)
FN:115,(anonymous_28)
FN:123,(anonymous_29)
FN:183,(anonymous_30)
FN:186,(anonymous_31)
FN:200,(anonymous_32)
FN:203,(anonymous_33)
FN:209,(anonymous_34)
FN:212,(anonymous_35)
FN:219,(anonymous_36)
FN:222,(anonymous_37)
FN:227,(anonymous_38)
FN:230,(anonymous_39)
FN:236,(anonymous_40)
FN:242,(anonymous_41)
FN:250,(anonymous_42)
FN:253,(anonymous_43)
FN:265,(anonymous_44)
FN:268,(anonymous_45)
FN:274,(anonymous_46)
FN:277,(anonymous_47)
FN:283,(anonymous_48)
FN:286,(anonymous_49)
FN:292,(anonymous_50)
FN:295,(anonymous_51)
FN:303,(anonymous_52)
FN:306,(anonymous_53)
FN:316,(anonymous_54)
FN:319,(anonymous_55)
FN:327,(anonymous_56)
FN:330,(anonymous_57)
FN:339,(anonymous_58)
FN:343,(anonymous_59)
FN:349,(anonymous_60)
FN:353,(anonymous_61)
FN:361,(anonymous_62)
FN:364,(anonymous_63)
FN:370,(anonymous_64)
FN:373,(anonymous_65)
FN:379,(anonymous_66)
FN:382,(anonymous_67)
FN:388,(anonymous_68)
FN:391,(anonymous_69)
FN:396,(anonymous_70)
FN:399,(anonymous_71)
FN:406,(anonymous_72)
FN:410,(anonymous_73)
FN:416,(anonymous_74)
FN:420,(anonymous_75)
FN:426,(anonymous_76)
FN:431,(anonymous_77)
FN:437,(anonymous_78)
FN:442,(anonymous_79)
FN:448,(anonymous_80)
FN:453,(anonymous_81)
FN:461,(anonymous_82)
FN:465,(anonymous_83)
FN:471,(anonymous_84)
FN:475,(anonymous_85)
FN:481,(anonymous_86)
FN:485,(anonymous_87)
FNF:87
FNH:87
FNDA:1,(anonymous_1)
FNDA:1,(anonymous_2)
FNDA:1,(anonymous_3)
FNDA:1,(anonymous_4)
FNDA:1,(anonymous_5)
FNDA:1,(anonymous_6)
FNDA:1,(anonymous_7)
FNDA:1,(anonymous_8)
FNDA:1,(anonymous_9)
FNDA:1,(anonymous_10)
FNDA:1,(anonymous_11)
FNDA:1,(anonymous_12)
FNDA:1,(anonymous_13)
FNDA:1,(anonymous_14)
FNDA:1,(anonymous_15)
FNDA:1,(anonymous_16)
FNDA:1,(anonymous_17)
FNDA:1,(anonymous_18)
FNDA:1,(anonymous_19)
FNDA:1,(anonymous_20)
FNDA:1,(anonymous_21)
FNDA:1,(anonymous_22)
FNDA:1,(anonymous_23)
FNDA:1,(anonymous_24)
FNDA:1,(anonymous_25)
FNDA:1,(anonymous_26)
FNDA:1,(anonymous_27)
FNDA:1,(anonymous_28)
FNDA:1,(anonymous_29)
FNDA:1,(anonymous_30)
FNDA:1,(anonymous_31)
FNDA:1,(anonymous_32)
FNDA:1,(anonymous_33)
FNDA:1,(anonymous_34)
FNDA:1,(anonymous_35)
FNDA:1,(anonymous_36)
FNDA:1,(anonymous_37)
FNDA:1,(anonymous_38)
FNDA:1,(anonymous_39)
FNDA:1,(anonymous_40)
FNDA:1,(anonymous_41)
FNDA:1,(anonymous_42)
FNDA:1,(anonymous_43)
FNDA:1,(anonymous_44)
FNDA:1,(anonymous_45)
FNDA:1,(anonymous_46)
FNDA:1,(anonymous_47)
FNDA:1,(anonymous_48)
FNDA:1,(anonymous_49)
FNDA:1,(anonymous_50)
FNDA:1,(anonymous_51)
FNDA:1,(anonymous_52)
FNDA:1,(anonymous_53)
FNDA:1,(anonymous_54)
FNDA:1,(anonymous_55)
FNDA:1,(anonymous_56)
FNDA:1,(anonymous_57)
FNDA:1,(anonymous_58)
FNDA:1,(anonymous_59)
FNDA:1,(anonymous_60)
FNDA:1,(anonymous_61)
FNDA:1,(anonymous_62)
FNDA:1,(anonymous_63)
FNDA:1,(anonymous_64)
FNDA:1,(anonymous_65)
FNDA:1,(anonymous_66)
FNDA:1,(anonymous_67)
FNDA:1,(anonymous_68)
FNDA:1,(anonymous_69)
FNDA:1,(anonymous_70)
FNDA:1,(anonymous_71)
FNDA:1,(anonymous_72)
FNDA:1,(anonymous_73)
FNDA:1,(anonymous_74)
FNDA:1,(anonymous_75)
FNDA:1,(anonymous_76)
FNDA:1,(anonymous_77)
FNDA:1,(anonymous_78)
FNDA:1,(anonymous_79)
FNDA:1,(anonymous_80)
FNDA:1,(anonymous_81)
FNDA:1,(anonymous_82)
FNDA:1,(anonymous_83)
FNDA:1,(anonymous_84)
FNDA:1,(anonymous_85)
FNDA:1,(anonymous_86)
FNDA:1,(anonymous_87)
DA:1,1
DA:2,1
DA:4,1
DA:6,1
DA:7,1
DA:9,1
DA:10,1
DA:12,1
DA:13,1
DA:14,1
DA:16,1
DA:17,1
DA:20,1
DA:21,1
DA:24,1
DA:25,1
DA:28,1
DA:29,1
DA:32,1
DA:33,1
DA:36,1
DA:37,1
DA:40,1
DA:41,1
DA:44,1
DA:45,1
DA:48,1
DA:49,1
DA:52,1
DA:53,1
DA:56,1
DA:57,1
DA:60,1
DA:61,1
DA:64,1
DA:65,1
DA:68,1
DA:69,1
DA:72,1
DA:73,1
DA:76,1
DA:77,1
DA:80,1
DA:81,1
DA:84,1
DA:85,1
DA:88,1
DA:89,1
DA:92,1
DA:93,1
DA:96,1
DA:97,1
DA:100,1
DA:101,1
DA:104,1
DA:105,1
DA:108,1
DA:109,1
DA:112,1
DA:113,1
DA:116,1
DA:117,1
DA:123,1
DA:124,1
DA:137,1
DA:150,1
DA:163,1
DA:177,1
DA:178,1
DA:179,1
DA:180,1
DA:181,1
DA:183,1
DA:184,1
DA:187,1
DA:188,1
DA:189,1
DA:190,1
DA:191,1
DA:197,1
DA:200,1
DA:201,1
DA:204,1
DA:205,1
DA:206,1
DA:209,1
DA:210,1
DA:213,1
DA:214,1
DA:215,1
DA:216,1
DA:219,1
DA:220,1
DA:223,1
DA:224,1
DA:227,1
DA:228,1
DA:231,1
DA:232,1
DA:233,1
DA:236,1
DA:238,1
DA:239,1
DA:240,1
DA:243,1
DA:244,1
DA:245,1
DA:250,1
DA:251,1
DA:254,1
DA:255,1
DA:256,1
DA:262,1
DA:265,1
DA:266,1
DA:269,1
DA:270,1
DA:271,1
DA:274,1
DA:275,1
DA:278,1
DA:279,1
DA:280,1
DA:283,1
DA:284,1
DA:287,1
DA:288,1
DA:289,1
DA:292,1
DA:293,1
DA:296,1
DA:297,1
DA:298,1
DA:303,1
DA:304,1
DA:307,1
DA:308,1
DA:309,1
DA:310,1
DA:311,1
DA:312,1
DA:313,1
DA:316,1
DA:317,1
DA:320,1
DA:321,1
DA:322,1
DA:327,1
DA:328,1
DA:331,1
DA:332,1
DA:333,1
DA:334,1
DA:335,1
DA:337,1
DA:339,1
DA:340,1
DA:344,1
DA:345,1
DA:346,1
DA:349,1
DA:350,1
DA:354,1
DA:355,1
DA:356,1
DA:361,1
DA:362,1
DA:365,1
DA:366,1
DA:367,1
DA:370,1
DA:371,1
DA:374,1
DA:375,1
DA:376,1
DA:379,1
DA:380,1
DA:383,1
DA:384,1
DA:385,1
DA:388,1
DA:389,1
DA:392,1
DA:393,1
DA:396,1
DA:397,1
DA:400,1
DA:401,1
DA:406,1
DA:407,1
DA:411,1
DA:412,1
DA:413,1
DA:416,1
DA:417,1
DA:421,1
DA:422,1
DA:423,1
DA:426,1
DA:427,1
DA:432,1
DA:433,1
DA:434,1
DA:437,1
DA:438,1
DA:443,1
DA:444,1
DA:445,1
DA:448,1
DA:449,1
DA:454,1
DA:455,1
DA:456,1
DA:461,1
DA:462,1
DA:466,1
DA:467,1
DA:468,1
DA:471,1
DA:472,1
DA:476,1
DA:477,1
DA:478,1
DA:481,1
DA:482,1
DA:486,1
DA:487,1
DA:488,1
LF:228
LH:228
BRF:0
BRH:0
end_of_record
TN:
SF:C:/Users/ChuksJoe/Desktop/AutoMart/tests/2-carsTest.js
FN:8,(anonymous_1)
FN:111,(anonymous_2)
FN:114,(anonymous_3)
FN:120,(anonymous_4)
FN:123,(anonymous_5)
FN:130,(anonymous_6)
FN:133,(anonymous_7)
FN:141,(anonymous_8)
FN:148,(anonymous_9)
FN:179,(anonymous_10)
FN:187,(anonymous_11)
FN:195,(anonymous_12)
FN:202,(anonymous_13)
FN:207,(anonymous_14)
FN:213,(anonymous_15)
FN:218,(anonymous_16)
FN:224,(anonymous_17)
FN:229,(anonymous_18)
FN:236,(anonymous_19)
FN:241,(anonymous_20)
FN:247,(anonymous_21)
FN:252,(anonymous_22)
FN:255,(anonymous_23)
FN:264,(anonymous_24)
FN:267,(anonymous_25)
FN:270,(anonymous_26)
FN:281,(anonymous_27)
FN:284,(anonymous_28)
FN:291,(anonymous_29)
FN:295,(anonymous_30)
FN:305,(anonymous_31)
FN:309,(anonymous_32)
FN:318,(anonymous_33)
FN:322,(anonymous_34)
FN:330,(anonymous_35)
FN:334,(anonymous_36)
FN:343,(anonymous_37)
FN:346,(anonymous_38)
FN:354,(anonymous_39)
FN:357,(anonymous_40)
FN:365,(anonymous_41)
FN:368,(anonymous_42)
FN:376,(anonymous_43)
FN:379,(anonymous_44)
FN:388,(anonymous_45)
FN:391,(anonymous_46)
FN:395,(anonymous_47)
FN:405,(anonymous_48)
FN:408,(anonymous_49)
FN:412,(anonymous_50)
FN:421,(anonymous_51)
FN:424,(anonymous_52)
FN:428,(anonymous_53)
FN:439,(anonymous_54)
FN:442,(anonymous_55)
FN:450,(anonymous_56)
FN:453,(anonymous_57)
FN:458,(anonymous_58)
FN:469,(anonymous_59)
FN:472,(anonymous_60)
FN:477,(anonymous_61)
FN:484,(anonymous_62)
FN:488,(anonymous_63)
FN:494,(anonymous_64)
FN:497,(anonymous_65)
FN:502,(anonymous_66)
FN:511,(anonymous_67)
FN:514,(anonymous_68)
FN:518,(anonymous_69)
FN:525,(anonymous_70)
FN:528,(anonymous_71)
FN:532,(anonymous_72)
FN:539,(anonymous_73)
FN:542,(anonymous_74)
FN:546,(anonymous_75)
FNF:75
FNH:75
FNDA:1,(anonymous_1)
FNDA:1,(anonymous_2)
FNDA:1,(anonymous_3)
FNDA:1,(anonymous_4)
FNDA:1,(anonymous_5)
FNDA:1,(anonymous_6)
FNDA:1,(anonymous_7)
FNDA:1,(anonymous_8)
FNDA:1,(anonymous_9)
FNDA:1,(anonymous_10)
FNDA:1,(anonymous_11)
FNDA:1,(anonymous_12)
FNDA:1,(anonymous_13)
FNDA:1,(anonymous_14)
FNDA:1,(anonymous_15)
FNDA:1,(anonymous_16)
FNDA:1,(anonymous_17)
FNDA:1,(anonymous_18)
FNDA:1,(anonymous_19)
FNDA:1,(anonymous_20)
FNDA:1,(anonymous_21)
FNDA:1,(anonymous_22)
FNDA:1,(anonymous_23)
FNDA:1,(anonymous_24)
FNDA:1,(anonymous_25)
FNDA:6,(anonymous_26)
FNDA:1,(anonymous_27)
FNDA:1,(anonymous_28)
FNDA:1,(anonymous_29)
FNDA:1,(anonymous_30)
FNDA:1,(anonymous_31)
FNDA:1,(anonymous_32)
FNDA:1,(anonymous_33)
FNDA:1,(anonymous_34)
FNDA:1,(anonymous_35)
FNDA:1,(anonymous_36)
FNDA:1,(anonymous_37)
FNDA:1,(anonymous_38)
FNDA:1,(anonymous_39)
FNDA:1,(anonymous_40)
FNDA:1,(anonymous_41)
FNDA:1,(anonymous_42)
FNDA:1,(anonymous_43)
FNDA:1,(anonymous_44)
FNDA:1,(anonymous_45)
FNDA:1,(anonymous_46)
FNDA:1,(anonymous_47)
FNDA:1,(anonymous_48)
FNDA:1,(anonymous_49)
FNDA:1,(anonymous_50)
FNDA:1,(anonymous_51)
FNDA:1,(anonymous_52)
FNDA:1,(anonymous_53)
FNDA:1,(anonymous_54)
FNDA:1,(anonymous_55)
FNDA:1,(anonymous_56)
FNDA:1,(anonymous_57)
FNDA:1,(anonymous_58)
FNDA:1,(anonymous_59)
FNDA:1,(anonymous_60)
FNDA:1,(anonymous_61)
FNDA:1,(anonymous_62)
FNDA:1,(anonymous_63)
FNDA:1,(anonymous_64)
FNDA:1,(anonymous_65)
FNDA:1,(anonymous_66)
FNDA:1,(anonymous_67)
FNDA:1,(anonymous_68)
FNDA:1,(anonymous_69)
FNDA:1,(anonymous_70)
FNDA:1,(anonymous_71)
FNDA:1,(anonymous_72)
FNDA:1,(anonymous_73)
FNDA:1,(anonymous_74)
FNDA:1,(anonymous_75)
DA:1,1
DA:3,1
DA:8,1
DA:9,1
DA:30,1
DA:45,1
DA:60,1
DA:75,1
DA:90,1
DA:106,1
DA:107,1
DA:108,1
DA:109,1
DA:111,1
DA:112,1
DA:115,1
DA:116,1
DA:117,1
DA:120,1
DA:121,1
DA:124,1
DA:125,1
DA:126,1
DA:127,1
DA:130,1
DA:131,1
DA:134,1
DA:135,1
DA:136,1
DA:141,1
DA:142,1
DA:149,1
DA:150,1
DA:151,1
DA:158,1
DA:179,1
DA:180,1
DA:181,1
DA:182,1
DA:188,1
DA:189,1
DA:190,1
DA:195,1
DA:196,1
DA:203,1
DA:204,1
DA:207,1
DA:208,1
DA:214,1
DA:215,1
DA:218,1
DA:219,1
DA:225,1
DA:226,1
DA:229,1
DA:230,1
DA:237,1
DA:238,1
DA:241,1
DA:242,1
DA:248,1
DA:249,1
DA:252,1
DA:253,1
DA:256,1
DA:257,1
DA:258,1
DA:264,1
DA:265,1
DA:268,1
DA:269,1
DA:270,1
DA:271,6
DA:274,6
DA:276,1
DA:278,1
DA:281,1
DA:282,1
DA:285,1
DA:286,1
DA:287,1
DA:289,1
DA:291,1
DA:292,1
DA:296,1
DA:297,1
DA:298,1
DA:299,1
DA:300,1
DA:301,1
DA:303,1
DA:305,1
DA:306,1
DA:310,1
DA:311,1
DA:312,1
DA:313,1
DA:314,1
DA:316,1
DA:318,1
DA:319,1
DA:323,1
DA:324,1
DA:325,1
DA:326,1
DA:328,1
DA:330,1
DA:331,1
DA:335,1
DA:336,1
DA:337,1
DA:338,1
DA:340,1
DA:343,1
DA:344,1
DA:347,1
DA:348,1
DA:349,1
DA:350,1
DA:352,1
DA:354,1
DA:355,1
DA:358,1
DA:359,1
DA:360,1
DA:361,1
DA:363,1
DA:365,1
DA:366,1
DA:369,1
DA:370,1
DA:371,1
DA:372,1
DA:374,1
DA:376,1
DA:377,1
DA:380,1
DA:381,1
DA:382,1
DA:384,1
DA:388,1
DA:389,1
DA:392,1
DA:393,1
DA:396,1
DA:397,1
DA:398,1
DA:399,1
DA:400,1
DA:401,1
DA:405,1
DA:406,1
DA:409,1
DA:410,1
DA:413,1
DA:414,1
DA:415,1
DA:421,1
DA:422,1
DA:425,1
DA:426,1
DA:429,1
DA:430,1
DA:431,1
DA:432,1
DA:433,1
DA:434,1
DA:435,1
DA:439,1
DA:440,1
DA:443,1
DA:444,1
DA:445,1
DA:450,1
DA:451,1
DA:454,1
DA:455,1
DA:459,1
DA:460,1
DA:461,1
DA:462,1
DA:463,1
DA:464,1
DA:465,1
DA:469,1
DA:470,1
DA:473,1
DA:474,1
DA:478,1
DA:479,1
DA:480,1
DA:484,1
DA:485,1
DA:489,1
DA:490,1
DA:491,1
DA:494,1
DA:495,1
DA:498,1
DA:499,1
DA:503,1
DA:504,1
DA:505,1
DA:511,1
DA:512,1
DA:515,1
DA:516,1
DA:519,1
DA:520,1
DA:521,1
DA:525,1
DA:526,1
DA:529,1
DA:530,1
DA:533,1
DA:534,1
DA:535,1
DA:539,1
DA:540,1
DA:543,1
DA:544,1
DA:547,1
DA:548,1
DA:549,1
LF:224
LH:224
BRF:0
BRH:0
end_of_record
TN:
SF:C:/Users/ChuksJoe/Desktop/AutoMart/tests/3-ordersTest.js
FN:5,(anonymous_1)
FN:12,(anonymous_2)
FN:15,(anonymous_3)
FN:21,(anonymous_4)
FN:24,(anonymous_5)
FN:31,(anonymous_6)
FN:34,(anonymous_7)
FN:42,(anonymous_8)
FN:46,(anonymous_9)
FN:51,(anonymous_10)
FN:62,(anonymous_11)
FN:66,(anonymous_12)
FN:71,(anonymous_13)
FN:79,(anonymous_14)
FN:83,(anonymous_15)
FN:88,(anonymous_16)
FN:95,(anonymous_17)
FN:99,(anonymous_18)
FN:104,(anonymous_19)
FN:112,(anonymous_20)
FN:115,(anonymous_21)
FN:121,(anonymous_22)
FN:125,(anonymous_23)
FN:130,(anonymous_24)
FN:155,(anonymous_25)
FN:159,(anonymous_26)
FN:167,(anonymous_27)
FN:170,(anonymous_28)
FN:179,(anonymous_29)
FN:182,(anonymous_30)
FN:191,(anonymous_31)
FN:194,(anonymous_32)
FN:199,(anonymous_33)
FN:208,(anonymous_34)
FN:211,(anonymous_35)
FN:216,(anonymous_36)
FN:225,(anonymous_37)
FN:228,(anonymous_38)
FN:234,(anonymous_39)
FN:237,(anonymous_40)
FN:241,(anonymous_41)
FN:248,(anonymous_42)
FN:251,(anonymous_43)
FN:255,(anonymous_44)
FN:264,(anonymous_45)
FN:267,(anonymous_46)
FN:273,(anonymous_47)
FN:276,(anonymous_48)
FN:280,(anonymous_49)
FN:289,(anonymous_50)
FN:292,(anonymous_51)
FN:298,(anonymous_52)
FN:301,(anonymous_53)
FN:305,(anonymous_54)
FNF:54
FNH:54
FNDA:1,(anonymous_1)
FNDA:1,(anonymous_2)
FNDA:1,(anonymous_3)
FNDA:1,(anonymous_4)
FNDA:1,(anonymous_5)
FNDA:1,(anonymous_6)
FNDA:1,(anonymous_7)
FNDA:1,(anonymous_8)
FNDA:1,(anonymous_9)
FNDA:1,(anonymous_10)
FNDA:1,(anonymous_11)
FNDA:1,(anonymous_12)
FNDA:1,(anonymous_13)
FNDA:1,(anonymous_14)
FNDA:1,(anonymous_15)
FNDA:1,(anonymous_16)
FNDA:1,(anonymous_17)
FNDA:1,(anonymous_18)
FNDA:1,(anonymous_19)
FNDA:1,(anonymous_20)
FNDA:1,(anonymous_21)
FNDA:1,(anonymous_22)
FNDA:1,(anonymous_23)
FNDA:1,(anonymous_24)
FNDA:1,(anonymous_25)
FNDA:1,(anonymous_26)
FNDA:1,(anonymous_27)
FNDA:1,(anonymous_28)
FNDA:1,(anonymous_29)
FNDA:1,(anonymous_30)
FNDA:1,(anonymous_31)
FNDA:1,(anonymous_32)
FNDA:1,(anonymous_33)
FNDA:1,(anonymous_34)
FNDA:1,(anonymous_35)
FNDA:1,(anonymous_36)
FNDA:1,(anonymous_37)
FNDA:1,(anonymous_38)
FNDA:1,(anonymous_39)
FNDA:1,(anonymous_40)
FNDA:1,(anonymous_41)
FNDA:1,(anonymous_42)
FNDA:1,(anonymous_43)
FNDA:1,(anonymous_44)
FNDA:1,(anonymous_45)
FNDA:1,(anonymous_46)
FNDA:1,(anonymous_47)
FNDA:1,(anonymous_48)
FNDA:1,(anonymous_49)
FNDA:1,(anonymous_50)
FNDA:1,(anonymous_51)
FNDA:1,(anonymous_52)
FNDA:1,(anonymous_53)
FNDA:1,(anonymous_54)
DA:1,1
DA:3,1
DA:5,1
DA:6,1
DA:7,1
DA:8,1
DA:9,1
DA:10,1
DA:12,1
DA:13,1
DA:16,1
DA:17,1
DA:18,1
DA:21,1
DA:22,1
DA:25,1
DA:26,1
DA:27,1
DA:28,1
DA:31,1
DA:32,1
DA:35,1
DA:36,1
DA:37,1
DA:38,1
DA:42,1
DA:43,1
DA:47,1
DA:48,1
DA:52,1
DA:53,1
DA:54,1
DA:55,1
DA:56,1
DA:57,1
DA:58,1
DA:62,1
DA:63,1
DA:67,1
DA:68,1
DA:72,1
DA:73,1
DA:74,1
DA:75,1
DA:79,1
DA:80,1
DA:84,1
DA:85,1
DA:89,1
DA:90,1
DA:91,1
DA:95,1
DA:96,1
DA:100,1
DA:101,1
DA:105,1
DA:106,1
DA:107,1
DA:112,1
DA:113,1
DA:116,1
DA:117,1
DA:118,1
DA:121,1
DA:122,1
DA:126,1
DA:127,1
DA:131,1
DA:132,1
DA:133,1
DA:155,1
DA:156,1
DA:160,1
DA:161,1
DA:162,1
DA:167,1
DA:168,1
DA:171,1
DA:172,1
DA:173,1
DA:174,1
DA:179,1
DA:180,1
DA:183,1
DA:184,1
DA:185,1
DA:186,1
DA:191,1
DA:192,1
DA:195,1
DA:196,1
DA:200,1
DA:201,1
DA:202,1
DA:203,1
DA:204,1
DA:208,1
DA:209,1
DA:212,1
DA:213,1
DA:217,1
DA:218,1
DA:219,1
DA:225,1
DA:226,1
DA:229,1
DA:230,1
DA:231,1
DA:234,1
DA:235,1
DA:238,1
DA:239,1
DA:242,1
DA:243,1
DA:244,1
DA:248,1
DA:249,1
DA:252,1
DA:253,1
DA:256,1
DA:257,1
DA:258,1
DA:264,1
DA:265,1
DA:268,1
DA:269,1
DA:270,1
DA:273,1
DA:274,1
DA:277,1
DA:278,1
DA:281,1
DA:282,1
DA:283,1
DA:289,1
DA:290,1
DA:293,1
DA:294,1
DA:295,1
DA:298,1
DA:299,1
DA:302,1
DA:303,1
DA:306,1
DA:307,1
DA:308,1
LF:146
LH:146
BRF:0
BRH:0
end_of_record
TN:
SF:C:/Users/ChuksJoe/Desktop/AutoMart/tests/4-flagsTest.js
FN:5,(anonymous_1)
FN:13,(anonymous_2)
FN:16,(anonymous_3)
FN:23,(anonymous_4)
FN:26,(anonymous_5)
FN:33,(anonymous_6)
FN:36,(anonymous_7)
FN:44,(anonymous_8)
FN:48,(anonymous_9)
FN:53,(anonymous_10)
FN:64,(anonymous_11)
FN:68,(anonymous_12)
FN:73,(anonymous_13)
FN:81,(anonymous_14)
FN:85,(anonymous_15)
FN:90,(anonymous_16)
FN:97,(anonymous_17)
FN:101,(anonymous_18)
FN:106,(anonymous_19)
FN:113,(anonymous_20)
FN:117,(anonymous_21)
FN:122,(anonymous_22)
FN:130,(anonymous_23)
FN:134,(anonymous_24)
FN:141,(anonymous_25)
FN:145,(anonymous_26)
FN:153,(anonymous_27)
FN:157,(anonymous_28)
FN:165,(anonymous_29)
FN:169,(anonymous_30)
FN:173,(anonymous_31)
FN:180,(anonymous_32)
FN:184,(anonymous_33)
FN:188,(anonymous_34)
FN:195,(anonymous_35)
FN:198,(anonymous_36)
FN:206,(anonymous_37)
FN:210,(anonymous_38)
FN:214,(anonymous_39)
FN:218,(anonymous_40)
FN:226,(anonymous_41)
FN:230,(anonymous_42)
FN:234,(anonymous_43)
FN:238,(anonymous_44)
FN:246,(anonymous_45)
FN:249,(anonymous_46)
FN:255,(anonymous_47)
FN:258,(anonymous_48)
FN:266,(anonymous_49)
FN:270,(anonymous_50)
FN:274,(anonymous_51)
FN:278,(anonymous_52)
FN:287,(anonymous_53)
FN:290,(anonymous_54)
FN:296,(anonymous_55)
FN:299,(anonymous_56)
FN:309,(anonymous_57)
FN:312,(anonymous_58)
FN:315,(anonymous_59)
FN:321,(anonymous_60)
FN:324,(anonymous_61)
FN:328,(anonymous_62)
FN:334,(anonymous_63)
FN:337,(anonymous_64)
FN:341,(anonymous_65)
FN:347,(anonymous_66)
FN:350,(anonymous_67)
FN:354,(anonymous_68)
FNF:68
FNH:68
FNDA:1,(anonymous_1)
FNDA:1,(anonymous_2)
FNDA:1,(anonymous_3)
FNDA:1,(anonymous_4)
FNDA:1,(anonymous_5)
FNDA:1,(anonymous_6)
FNDA:1,(anonymous_7)
FNDA:1,(anonymous_8)
FNDA:1,(anonymous_9)
FNDA:1,(anonymous_10)
FNDA:1,(anonymous_11)
FNDA:1,(anonymous_12)
FNDA:1,(anonymous_13)
FNDA:1,(anonymous_14)
FNDA:1,(anonymous_15)
FNDA:1,(anonymous_16)
FNDA:1,(anonymous_17)
FNDA:1,(anonymous_18)
FNDA:1,(anonymous_19)
FNDA:1,(anonymous_20)
FNDA:1,(anonymous_21)
FNDA:1,(anonymous_22)
FNDA:1,(anonymous_23)
FNDA:1,(anonymous_24)
FNDA:1,(anonymous_25)
FNDA:1,(anonymous_26)
FNDA:1,(anonymous_27)
FNDA:1,(anonymous_28)
FNDA:1,(anonymous_29)
FNDA:1,(anonymous_30)
FNDA:1,(anonymous_31)
FNDA:1,(anonymous_32)
FNDA:1,(anonymous_33)
FNDA:1,(anonymous_34)
FNDA:1,(anonymous_35)
FNDA:1,(anonymous_36)
FNDA:1,(anonymous_37)
FNDA:1,(anonymous_38)
FNDA:1,(anonymous_39)
FNDA:1,(anonymous_40)
FNDA:1,(anonymous_41)
FNDA:1,(anonymous_42)
FNDA:1,(anonymous_43)
FNDA:1,(anonymous_44)
FNDA:1,(anonymous_45)
FNDA:1,(anonymous_46)
FNDA:1,(anonymous_47)
FNDA:1,(anonymous_48)
FNDA:1,(anonymous_49)
FNDA:1,(anonymous_50)
FNDA:1,(anonymous_51)
FNDA:1,(anonymous_52)
FNDA:1,(anonymous_53)
FNDA:1,(anonymous_54)
FNDA:1,(anonymous_55)
FNDA:1,(anonymous_56)
FNDA:1,(anonymous_57)
FNDA:1,(anonymous_58)
FNDA:1,(anonymous_59)
FNDA:1,(anonymous_60)
FNDA:1,(anonymous_61)
FNDA:1,(anonymous_62)
FNDA:1,(anonymous_63)
FNDA:1,(anonymous_64)
FNDA:1,(anonymous_65)
FNDA:1,(anonymous_66)
FNDA:1,(anonymous_67)
FNDA:1,(anonymous_68)
DA:1,1
DA:3,1
DA:5,1
DA:6,1
DA:7,1
DA:8,1
DA:9,1
DA:10,1
DA:11,1
DA:13,1
DA:14,1
DA:17,1
DA:18,1
DA:19,1
DA:20,1
DA:23,1
DA:24,1
DA:27,1
DA:28,1
DA:29,1
DA:30,1
DA:33,1
DA:34,1
DA:37,1
DA:38,1
DA:39,1
DA:40,1
DA:44,1
DA:45,1
DA:49,1
DA:50,1
DA:54,1
DA:55,1
DA:56,1
DA:57,1
DA:58,1
DA:59,1
DA:60,1
DA:64,1
DA:65,1
DA:69,1
DA:70,1
DA:74,1
DA:75,1
DA:76,1
DA:77,1
DA:81,1
DA:82,1
DA:86,1
DA:87,1
DA:91,1
DA:92,1
DA:93,1
DA:97,1
DA:98,1
DA:102,1
DA:103,1
DA:107,1
DA:108,1
DA:109,1
DA:113,1
DA:114,1
DA:118,1
DA:119,1
DA:123,1
DA:124,1
DA:125,1
DA:126,1
DA:130,1
DA:131,1
DA:135,1
DA:136,1
DA:137,1
DA:138,1
DA:141,1
DA:142,1
DA:146,1
DA:147,1
DA:148,1
DA:149,1
DA:153,1
DA:154,1
DA:158,1
DA:159,1
DA:160,1
DA:165,1
DA:166,1
DA:170,1
DA:171,1
DA:174,1
DA:175,1
DA:176,1
DA:180,1
DA:181,1
DA:185,1
DA:186,1
DA:189,1
DA:190,1
DA:191,1
DA:195,1
DA:196,1
DA:199,1
DA:200,1
DA:201,1
DA:206,1
DA:207,1
DA:211,1
DA:212,1
DA:215,1
DA:216,1
DA:219,1
DA:220,1
DA:221,1
DA:226,1
DA:227,1
DA:231,1
DA:232,1
DA:235,1
DA:236,1
DA:239,1
DA:240,1
DA:241,1
DA:246,1
DA:247,1
DA:250,1
DA:251,1
DA:252,1
DA:255,1
DA:256,1
DA:259,1
DA:260,1
DA:261,1
DA:266,1
DA:267,1
DA:271,1
DA:272,1
DA:275,1
DA:276,1
DA:279,1
DA:280,1
DA:281,1
DA:282,1
DA:287,1
DA:288,1
DA:291,1
DA:292,1
DA:293,1
DA:296,1
DA:297,1
DA:300,1
DA:301,1
DA:302,1
DA:309,1
DA:310,1
DA:312,1
DA:313,1
DA:316,1
DA:317,1
DA:318,1
DA:321,1
DA:322,1
DA:325,1
DA:326,1
DA:329,1
DA:330,1
DA:334,1
DA:335,1
DA:338,1
DA:339,1
DA:342,1
DA:343,1
DA:347,1
DA:348,1
DA:351,1
DA:352,1
DA:355,1
DA:356,1
LF:177
LH:177
BRF:0
BRH:0
end_of_record
