TN:
SF:C:/Users/ChuksJoe/Desktop/AutoMart/api/v1/index.js
FN:35,(anonymous_1)
FN:39,(anonymous_2)
FN:43,(anonymous_3)
FN:47,(anonymous_4)
FN:51,(anonymous_5)
FN:55,(anonymous_6)
FN:59,(anonymous_7)
FN:63,(anonymous_8)
FN:67,(anonymous_9)
FN:71,(anonymous_10)
FN:75,(anonymous_11)
FN:79,(anonymous_12)
FN:84,(anonymous_13)
FN:88,(anonymous_14)
FNF:14
FNH:14
FNDA:1,(anonymous_1)
FNDA:3,(anonymous_2)
FNDA:1,(anonymous_3)
FNDA:1,(anonymous_4)
FNDA:1,(anonymous_5)
FNDA:1,(anonymous_6)
FNDA:1,(anonymous_7)
FNDA:1,(anonymous_8)
FNDA:1,(anonymous_9)
FNDA:1,(anonymous_10)
FNDA:1,(anonymous_11)
FNDA:1,(anonymous_12)
FNDA:1,(anonymous_13)
FNDA:1,(anonymous_14)
DA:1,1
DA:2,1
DA:3,1
DA:4,1
DA:6,1
DA:8,1
DA:9,1
DA:10,1
DA:12,1
DA:13,1
DA:14,1
DA:16,1
DA:17,1
DA:18,1
DA:21,1
DA:24,1
DA:26,1
DA:27,1
DA:30,1
DA:31,1
DA:32,1
DA:33,1
DA:35,1
DA:36,1
DA:39,1
DA:40,3
DA:43,1
DA:44,1
DA:47,1
DA:48,1
DA:51,1
DA:52,1
DA:55,1
DA:56,1
DA:59,1
DA:60,1
DA:63,1
DA:64,1
DA:67,1
DA:68,1
DA:71,1
DA:72,1
DA:75,1
DA:76,1
DA:79,1
DA:80,1
DA:84,1
DA:85,1
DA:88,1
DA:89,1
DA:93,1
DA:94,1
LF:52
LH:52
BRDA:88,0,0,1
BRDA:88,0,1,0
BRF:2
BRH:1
end_of_record
TN:
SF:C:/Users/ChuksJoe/Desktop/AutoMart/api/v1/server.js
FNF:0
FNH:0
DA:1,1
DA:2,1
DA:4,1
DA:5,1
DA:6,1
DA:7,1
DA:8,1
DA:10,1
DA:11,1
DA:14,1
DA:15,1
DA:16,1
DA:17,1
DA:18,1
DA:21,1
DA:22,1
DA:23,1
DA:24,1
DA:25,1
DA:26,1
DA:29,1
DA:30,1
DA:31,1
DA:32,1
DA:33,1
DA:34,1
DA:35,1
DA:38,1
DA:39,1
DA:40,1
DA:41,1
DA:43,1
LF:32
LH:32
BRF:0
BRH:0
end_of_record
TN:
SF:C:/Users/ChuksJoe/Desktop/AutoMart/api/v1/controllers/auth.js
FN:12,(anonymous_1)
FN:27,(anonymous_2)
FN:65,(anonymous_3)
FN:89,(anonymous_4)
FN:135,(anonymous_5)
FNF:5
FNH:5
FNDA:2,(anonymous_1)
FNDA:6,(anonymous_2)
FNDA:58,(anonymous_3)
FNDA:4,(anonymous_4)
FNDA:5,(anonymous_5)
DA:1,1
DA:2,1
DA:3,1
DA:6,1
DA:7,1
DA:8,1
DA:13,2
DA:14,2
DA:15,2
DA:16,2
DA:17,1
DA:19,1
DA:20,1
DA:22,1
DA:28,6
DA:32,6
DA:34,6
DA:38,6
DA:39,6
DA:40,1
DA:42,5
DA:43,5
DA:46,5
DA:47,4
DA:48,4
DA:50,4
DA:51,4
DA:53,4
DA:55,2
DA:56,1
DA:59,1
DA:62,5
DA:66,58
DA:67,58
DA:68,58
DA:69,58
DA:70,58
DA:71,58
DA:72,1
DA:74,57
DA:75,57
DA:76,57
DA:77,1
DA:79,56
DA:80,56
DA:81,56
DA:82,56
DA:84,2
DA:90,4
DA:91,4
DA:92,4
DA:93,4
DA:94,4
DA:95,4
DA:97,4
DA:98,4
DA:99,4
DA:100,1
DA:102,3
DA:103,1
DA:105,2
DA:106,2
DA:107,1
DA:109,1
DA:111,2
DA:112,2
DA:113,2
DA:114,2
DA:120,2
DA:129,2
DA:131,2
DA:136,5
DA:137,5
DA:139,5
DA:140,5
DA:141,5
DA:142,1
DA:144,4
DA:145,4
DA:146,1
DA:150,3
DA:151,3
DA:152,1
DA:154,2
DA:155,1
DA:157,1
DA:161,1
DA:162,1
DA:163,1
DA:164,1
DA:166,4
LF:91
LH:91
BRDA:16,0,0,1
BRDA:16,0,1,1
BRDA:22,1,0,1
BRDA:22,1,1,0
BRDA:39,2,0,1
BRDA:39,2,1,5
BRDA:55,3,0,1
BRDA:55,3,1,1
BRDA:59,4,0,1
BRDA:59,4,1,0
BRDA:71,5,0,1
BRDA:71,5,1,57
BRDA:76,6,0,1
BRDA:76,6,1,56
BRDA:84,7,0,2
BRDA:84,7,1,0
BRDA:99,8,0,1
BRDA:99,8,1,3
BRDA:102,9,0,1
BRDA:102,9,1,2
BRDA:102,10,0,3
BRDA:102,10,1,1
BRDA:106,11,0,1
BRDA:106,11,1,1
BRDA:131,12,0,2
BRDA:131,12,1,0
BRDA:141,13,0,1
BRDA:141,13,1,4
BRDA:141,14,0,5
BRDA:141,14,1,1
BRDA:145,15,0,1
BRDA:145,15,1,3
BRDA:151,16,0,1
BRDA:151,16,1,2
BRDA:151,17,0,3
BRDA:151,17,1,3
BRDA:154,18,0,1
BRDA:154,18,1,1
BRDA:154,19,0,2
BRDA:154,19,1,2
BRDA:154,19,2,1
BRDA:157,20,0,1
BRDA:157,20,1,0
BRDA:157,21,0,1
BRDA:157,21,1,0
BRDA:157,22,0,1
BRDA:157,22,1,1
BRDA:158,23,0,1
BRDA:158,23,1,1
BRDA:158,24,0,1
BRDA:158,24,1,0
BRDA:158,25,0,1
BRDA:158,25,1,1
BRDA:159,26,0,1
BRDA:159,26,1,1
BRDA:166,27,0,4
BRDA:166,27,1,0
BRF:57
BRH:49
end_of_record
TN:
SF:C:/Users/ChuksJoe/Desktop/AutoMart/api/v1/controllers/cars.js
FN:18,(anonymous_1)
FN:54,(anonymous_2)
FN:70,(anonymous_3)
FN:84,(anonymous_4)
FN:134,(anonymous_5)
FN:159,(anonymous_6)
FN:174,(anonymous_7)
FN:196,(anonymous_8)
FN:218,(anonymous_9)
FNF:9
FNH:8
FNDA:7,(anonymous_1)
FNDA:5,(anonymous_2)
FNDA:0,(anonymous_3)
FNDA:36,(anonymous_4)
FNDA:2,(anonymous_5)
FNDA:2,(anonymous_6)
FNDA:2,(anonymous_7)
FNDA:6,(anonymous_8)
FNDA:5,(anonymous_9)
DA:1,1
DA:3,1
DA:4,1
DA:5,1
DA:7,1
DA:8,1
DA:10,1
DA:19,7
DA:20,7
DA:26,7
DA:27,7
DA:28,7
DA:29,7
DA:30,7
DA:31,0
DA:33,7
DA:34,1
DA:36,6
DA:37,1
DA:41,5
DA:47,5
DA:49,5
DA:55,5
DA:56,5
DA:57,5
DA:58,5
DA:59,5
DA:65,5
DA:66,5
DA:68,5
DA:71,0
DA:72,0
DA:73,0
DA:75,0
DA:78,2
DA:85,36
DA:86,36
DA:88,36
DA:89,36
DA:90,2
DA:91,2
DA:92,2
DA:96,36
DA:97,36
DA:98,21
DA:102,36
DA:103,36
DA:104,2
DA:108,36
DA:109,36
DA:110,1
DA:114,36
DA:115,36
DA:116,2
DA:120,36
DA:121,36
DA:122,6
DA:124,36
DA:125,36
DA:126,36
DA:127,36
DA:129,0
DA:135,2
DA:136,2
DA:137,2
DA:138,2
DA:139,2
DA:140,2
DA:141,0
DA:143,2
DA:144,1
DA:146,1
DA:147,1
DA:148,1
DA:154,1
DA:160,2
DA:161,2
DA:162,2
DA:163,2
DA:164,2
DA:165,1
DA:167,1
DA:169,1
DA:175,2
DA:176,2
DA:177,2
DA:178,2
DA:179,2
DA:180,2
DA:181,2
DA:182,0
DA:184,2
DA:185,1
DA:187,1
DA:188,1
DA:189,1
DA:191,1
DA:197,6
DA:198,6
DA:199,6
DA:200,6
DA:201,6
DA:202,6
DA:203,6
DA:204,6
DA:205,6
DA:206,0
DA:208,6
DA:209,6
DA:210,1
DA:212,5
DA:213,5
DA:214,5
DA:215,5
DA:216,5
DA:217,5
DA:218,5
DA:219,5
DA:220,0
DA:221,0
DA:223,5
DA:225,5
DA:231,1
LF:123
LH:112
BRDA:30,0,0,0
BRDA:30,0,1,7
BRDA:33,1,0,1
BRDA:33,1,1,6
BRDA:36,2,0,1
BRDA:36,2,1,5
BRDA:71,3,0,0
BRDA:71,3,1,0
BRDA:78,4,0,2
BRDA:78,4,1,0
BRDA:86,5,0,28
BRDA:86,5,1,8
BRDA:89,6,0,2
BRDA:89,6,1,34
BRDA:89,7,0,36
BRDA:89,7,1,34
BRDA:90,8,0,0
BRDA:90,8,1,2
BRDA:91,9,0,1
BRDA:91,9,1,1
BRDA:97,10,0,21
BRDA:97,10,1,15
BRDA:103,11,0,2
BRDA:103,11,1,34
BRDA:109,12,0,1
BRDA:109,12,1,35
BRDA:115,13,0,2
BRDA:115,13,1,34
BRDA:121,14,0,6
BRDA:121,14,1,30
BRDA:129,15,0,0
BRDA:129,15,1,0
BRDA:140,16,0,0
BRDA:140,16,1,2
BRDA:143,17,0,1
BRDA:143,17,1,1
BRDA:154,18,0,1
BRDA:154,18,1,0
BRDA:164,19,0,1
BRDA:164,19,1,1
BRDA:169,20,0,1
BRDA:169,20,1,0
BRDA:181,21,0,0
BRDA:181,21,1,2
BRDA:184,22,0,1
BRDA:184,22,1,1
BRDA:191,23,0,1
BRDA:191,23,1,0
BRDA:205,24,0,0
BRDA:205,24,1,6
BRDA:209,25,0,1
BRDA:209,25,1,5
BRDA:209,26,0,6
BRDA:209,26,1,4
BRDA:219,27,0,0
BRDA:219,27,1,5
BRDA:231,28,0,1
BRDA:231,28,1,0
BRF:58
BRH:43
end_of_record
TN:
SF:C:/Users/ChuksJoe/Desktop/AutoMart/api/v1/controllers/flags.js
FN:9,(anonymous_1)
FN:71,(anonymous_2)
FN:93,(anonymous_3)
FN:138,(anonymous_4)
FNF:4
FNH:4
FNDA:3,(anonymous_1)
FNDA:6,(anonymous_2)
FNDA:4,(anonymous_3)
FNDA:2,(anonymous_4)
DA:1,1
DA:3,1
DA:4,1
DA:5,1
DA:10,3
DA:11,3
DA:12,3
DA:13,3
DA:17,3
DA:18,3
DA:19,0
DA:21,3
DA:22,3
DA:23,0
DA:25,3
DA:26,3
DA:27,3
DA:28,0
DA:30,3
DA:31,3
DA:32,3
DA:33,0
DA:35,3
DA:36,3
DA:37,1
DA:39,2
DA:40,0
DA:42,2
DA:45,2
DA:46,2
DA:59,2
DA:60,2
DA:66,1
DA:72,6
DA:73,6
DA:74,6
DA:75,6
DA:76,6
DA:77,6
DA:78,6
DA:79,6
DA:80,1
DA:82,5
DA:83,1
DA:85,4
DA:86,4
DA:88,2
DA:94,4
DA:95,4
DA:96,4
DA:97,4
DA:98,4
DA:99,4
DA:100,4
DA:101,1
DA:103,3
DA:104,1
DA:106,2
DA:107,1
DA:109,1
DA:110,1
DA:113,1
DA:114,1
DA:126,1
DA:127,1
DA:133,3
DA:139,2
DA:140,2
DA:141,2
DA:142,2
DA:143,2
DA:144,2
DA:145,1
DA:147,1
DA:148,1
DA:149,0
DA:151,1
DA:152,1
DA:153,1
DA:159,1
LF:80
LH:74
BRDA:18,0,0,0
BRDA:18,0,1,3
BRDA:18,1,0,3
BRDA:18,1,1,3
BRDA:22,2,0,0
BRDA:22,2,1,3
BRDA:22,3,0,3
BRDA:22,3,1,3
BRDA:22,3,2,3
BRDA:22,3,3,3
BRDA:27,4,0,0
BRDA:27,4,1,3
BRDA:32,5,0,0
BRDA:32,5,1,3
BRDA:32,6,0,3
BRDA:32,6,1,3
BRDA:36,7,0,1
BRDA:36,7,1,2
BRDA:39,8,0,0
BRDA:39,8,1,2
BRDA:66,9,0,1
BRDA:66,9,1,0
BRDA:79,10,0,1
BRDA:79,10,1,5
BRDA:82,11,0,1
BRDA:82,11,1,4
BRDA:82,12,0,5
BRDA:82,12,1,4
BRDA:88,13,0,2
BRDA:88,13,1,0
BRDA:100,14,0,1
BRDA:100,14,1,3
BRDA:103,15,0,1
BRDA:103,15,1,2
BRDA:106,16,0,1
BRDA:106,16,1,1
BRDA:133,17,0,3
BRDA:133,17,1,0
BRDA:144,18,0,1
BRDA:144,18,1,1
BRDA:148,19,0,0
BRDA:148,19,1,1
BRDA:159,20,0,1
BRDA:159,20,1,0
BRF:44
BRH:34
end_of_record
TN:
SF:C:/Users/ChuksJoe/Desktop/AutoMart/api/v1/controllers/orders.js
FN:8,(anonymous_1)
FN:51,(anonymous_2)
FN:63,(anonymous_3)
FN:75,(anonymous_4)
FN:104,(anonymous_5)
FN:135,(anonymous_6)
FN:165,(anonymous_7)
FNF:7
FNH:7
FNDA:9,(anonymous_1)
FNDA:3,(anonymous_2)
FNDA:3,(anonymous_3)
FNDA:1,(anonymous_4)
FNDA:2,(anonymous_5)
FNDA:2,(anonymous_6)
FNDA:2,(anonymous_7)
DA:1,1
DA:3,1
DA:4,1
DA:9,9
DA:10,9
DA:11,9
DA:12,9
DA:16,9
DA:17,9
DA:18,9
DA:19,9
DA:20,9
DA:21,2
DA:23,7
DA:24,7
DA:25,7
DA:26,4
DA:28,3
DA:29,3
DA:30,1
DA:32,2
DA:33,0
DA:35,2
DA:36,2
DA:38,2
DA:42,2
DA:43,2
DA:44,2
DA:46,7
DA:52,3
DA:53,3
DA:54,3
DA:55,3
DA:56,3
DA:58,0
DA:64,3
DA:65,3
DA:66,3
DA:67,3
DA:68,3
DA:70,0
DA:76,1
DA:77,1
DA:78,1
DA:79,1
DA:80,1
DA:81,1
DA:82,1
DA:83,1
DA:84,0
DA:86,1
DA:87,0
DA:89,1
DA:90,1
DA:91,1
DA:92,1
DA:93,1
DA:94,1
DA:95,1
DA:97,1
DA:99,0
DA:105,2
DA:106,2
DA:107,2
DA:108,2
DA:109,2
DA:110,2
DA:111,2
DA:112,2
DA:113,2
DA:114,1
DA:116,1
DA:117,1
DA:118,0
DA:120,1
DA:121,1
DA:122,1
DA:123,1
DA:124,1
DA:130,1
DA:136,2
DA:137,2
DA:138,2
DA:139,2
DA:140,2
DA:141,2
DA:142,2
DA:143,2
DA:144,1
DA:146,1
DA:147,0
DA:151,1
DA:152,1
DA:153,1
DA:154,1
DA:160,1
DA:166,2
DA:167,2
DA:168,2
DA:169,2
DA:170,2
DA:171,2
DA:172,2
DA:173,1
DA:175,1
DA:176,0
DA:178,1
DA:179,1
DA:180,1
DA:186,1
LF:110
LH:101
BRDA:20,0,0,2
BRDA:20,0,1,7
BRDA:25,1,0,4
BRDA:25,1,1,3
BRDA:25,2,0,7
BRDA:25,2,1,7
BRDA:29,3,0,1
BRDA:29,3,1,2
BRDA:32,4,0,0
BRDA:32,4,1,2
BRDA:46,5,0,7
BRDA:46,5,1,0
BRDA:58,6,0,0
BRDA:58,6,1,0
BRDA:70,7,0,0
BRDA:70,7,1,0
BRDA:83,8,0,0
BRDA:83,8,1,1
BRDA:86,9,0,0
BRDA:86,9,1,1
BRDA:86,10,0,1
BRDA:86,10,1,1
BRDA:92,11,0,1
BRDA:92,11,1,0
BRDA:99,12,0,0
BRDA:99,12,1,0
BRDA:113,13,0,1
BRDA:113,13,1,1
BRDA:117,14,0,0
BRDA:117,14,1,1
BRDA:130,15,0,1
BRDA:130,15,1,0
BRDA:143,16,0,1
BRDA:143,16,1,1
BRDA:146,17,0,0
BRDA:146,17,1,1
BRDA:146,18,0,1
BRDA:146,18,1,1
BRDA:160,19,0,1
BRDA:160,19,1,0
BRDA:172,20,0,1
BRDA:172,20,1,1
BRDA:175,21,0,0
BRDA:175,21,1,1
BRDA:175,22,0,1
BRDA:175,22,1,1
BRDA:186,23,0,1
BRDA:186,23,1,0
BRF:48
BRH:31
end_of_record
TN:
SF:C:\Users\ChuksJoe\Desktop\AutoMart\api\v1\db\db.js
FN:11,(anonymous_0)
FN:15,runQuery
FN:17,(anonymous_2)
FN:21,(anonymous_3)
FN:27,(anonymous_4)
FN:50,(anonymous_5)
FN:85,(anonymous_6)
FN:105,(anonymous_7)
FN:124,(anonymous_8)
FN:128,(anonymous_9)
FN:132,(anonymous_10)
FN:136,(anonymous_11)
FN:140,(anonymous_12)
FN:144,(anonymous_13)
FNF:14
FNH:5
FNDA:1,(anonymous_0)
FNDA:1,runQuery
FNDA:1,(anonymous_2)
FNDA:0,(anonymous_3)
FNDA:0,(anonymous_4)
FNDA:0,(anonymous_5)
FNDA:0,(anonymous_6)
FNDA:0,(anonymous_7)
FNDA:0,(anonymous_8)
FNDA:0,(anonymous_9)
FNDA:0,(anonymous_10)
FNDA:0,(anonymous_11)
FNDA:1,(anonymous_12)
FNDA:1,(anonymous_13)
DA:1,1
DA:2,1
DA:3,1
DA:4,1
DA:6,1
DA:11,1
DA:12,1
DA:16,1
DA:18,1
DA:19,1
DA:22,0
DA:23,0
DA:27,1
DA:28,0
DA:47,0
DA:50,1
DA:51,0
DA:82,0
DA:85,1
DA:86,0
DA:102,0
DA:105,1
DA:106,0
DA:121,0
DA:124,1
DA:125,0
DA:128,1
DA:129,0
DA:132,1
DA:133,0
DA:136,1
DA:137,0
DA:140,1
DA:141,1
DA:144,1
DA:145,1
DA:146,1
DA:149,1
DA:161,1
LF:39
LH:25
BRDA:8,0,0,1
BRDA:8,0,1,0
BRF:2
BRH:1
end_of_record
TN:
SF:C:/Users/ChuksJoe/Desktop/AutoMart/api/v1/db/index.js
FN:12,(anonymous_0)
FN:13,(anonymous_1)
FN:15,(anonymous_2)
FN:18,(anonymous_3)
FNF:4
FNH:4
FNDA:284,(anonymous_0)
FNDA:284,(anonymous_1)
FNDA:283,(anonymous_2)
FNDA:1,(anonymous_3)
DA:1,1
DA:3,1
DA:4,1
DA:6,1
DA:13,284
DA:14,284
DA:16,283
DA:19,1
LF:8
LH:8
BRDA:8,0,0,1
BRDA:8,0,1,0
BRF:2
BRH:1
end_of_record
TN:
SF:C:/Users/ChuksJoe/Desktop/AutoMart/api/v1/helpers/ApiError.js
FN:2,(anonymous_0)
FNF:1
FNH:1
FNDA:38,(anonymous_0)
DA:3,38
DA:5,38
DA:6,38
LF:3
LH:3
BRF:0
BRH:0
end_of_record
TN:
SF:C:/Users/ChuksJoe/Desktop/AutoMart/api/v1/helpers/utils.js
FN:12,(anonymous_1)
FN:15,(anonymous_2)
FN:25,(anonymous_3)
FN:27,(anonymous_4)
FN:34,(anonymous_5)
FN:60,(anonymous_6)
FN:79,(anonymous_7)
FN:98,(anonymous_8)
FN:107,(anonymous_9)
FNF:9
FNH:7
FNDA:0,(anonymous_1)
FNDA:0,(anonymous_2)
FNDA:7,(anonymous_3)
FNDA:60,(anonymous_4)
FNDA:66,(anonymous_5)
FNDA:6,(anonymous_6)
FNDA:7,(anonymous_7)
FNDA:5,(anonymous_8)
FNDA:5,(anonymous_9)
DA:1,1
DA:2,1
DA:3,1
DA:5,1
DA:7,1
DA:8,1
DA:9,1
DA:12,1
DA:14,1
DA:16,0
DA:17,0
DA:19,0
DA:20,0
DA:21,0
DA:25,7
DA:28,60
DA:29,60
DA:30,60
DA:31,60
DA:35,66
DA:36,66
DA:37,5
DA:39,61
DA:40,61
DA:41,0
DA:43,61
DA:44,61
DA:45,61
DA:48,61
DA:49,61
DA:51,0
DA:52,0
DA:55,5
DA:58,66
DA:61,6
DA:64,6
DA:65,6
DA:66,6
DA:67,6
DA:68,5
DA:69,0
DA:71,6
DA:72,6
DA:73,6
DA:74,6
DA:75,5
DA:77,6
DA:80,7
DA:81,7
DA:82,7
DA:83,7
DA:84,7
DA:85,7
DA:86,7
DA:87,7
DA:88,7
DA:89,7
DA:90,7
DA:91,7
DA:92,7
DA:93,7
DA:94,7
DA:96,7
DA:99,5
DA:100,5
DA:107,5
DA:108,5
DA:109,5
DA:112,0
LF:69
LH:59
BRDA:12,0,0,0
BRDA:12,0,1,0
BRDA:36,1,0,5
BRDA:36,1,1,61
BRDA:36,2,0,66
BRDA:36,2,1,66
BRDA:40,3,0,0
BRDA:40,3,1,61
BRDA:65,4,0,1
BRDA:65,4,1,5
BRDA:66,5,0,0
BRDA:66,5,1,6
BRDA:67,6,0,1
BRDA:67,6,1,5
BRDA:68,7,0,0
BRDA:68,7,1,5
BRDA:71,8,0,0
BRDA:71,8,1,6
BRDA:72,9,0,0
BRDA:72,9,1,6
BRDA:73,10,0,0
BRDA:73,10,1,6
BRDA:74,11,0,5
BRDA:74,11,1,1
BRDA:75,12,0,0
BRDA:75,12,1,5
BRDA:81,13,0,0
BRDA:81,13,1,7
BRDA:82,14,0,1
BRDA:82,14,1,6
BRDA:83,15,0,0
BRDA:83,15,1,7
BRDA:84,16,0,0
BRDA:84,16,1,7
BRDA:85,17,0,1
BRDA:85,17,1,6
BRDA:86,18,0,0
BRDA:86,18,1,7
BRDA:87,19,0,0
BRDA:87,19,1,7
BRDA:88,20,0,0
BRDA:88,20,1,7
BRDA:89,21,0,0
BRDA:89,21,1,7
BRDA:90,22,0,0
BRDA:90,22,1,7
BRDA:91,23,0,0
BRDA:91,23,1,7
BRDA:92,24,0,0
BRDA:92,24,1,7
BRDA:93,25,0,0
BRDA:93,25,1,7
BRDA:94,26,0,0
BRDA:94,26,1,7
BRDA:108,27,0,0
BRDA:108,27,1,5
BRF:56
BRH:34
end_of_record
TN:
SF:C:/Users/ChuksJoe/Desktop/AutoMart/tests/1-usersTest.js
FN:12,(anonymous_1)
FN:13,(anonymous_2)
FN:16,(anonymous_3)
FN:19,(anonymous_4)
FN:24,(anonymous_5)
FN:27,(anonymous_6)
FN:32,(anonymous_7)
FN:35,(anonymous_8)
FN:40,(anonymous_9)
FN:43,(anonymous_10)
FN:48,(anonymous_11)
FN:51,(anonymous_12)
FN:56,(anonymous_13)
FN:59,(anonymous_14)
FN:64,(anonymous_15)
FN:67,(anonymous_16)
FN:72,(anonymous_17)
FN:75,(anonymous_18)
FN:80,(anonymous_19)
FN:83,(anonymous_20)
FN:88,(anonymous_21)
FN:91,(anonymous_22)
FN:96,(anonymous_23)
FN:99,(anonymous_24)
FN:104,(anonymous_25)
FN:107,(anonymous_26)
FN:112,(anonymous_27)
FN:115,(anonymous_28)
FN:123,(anonymous_29)
FN:177,(anonymous_30)
FN:180,(anonymous_31)
FN:191,(anonymous_32)
FN:194,(anonymous_33)
FN:199,(anonymous_34)
FN:202,(anonymous_35)
FN:207,(anonymous_36)
FN:210,(anonymous_37)
FN:215,(anonymous_38)
FN:218,(anonymous_39)
FN:224,(anonymous_40)
FN:230,(anonymous_41)
FN:238,(anonymous_42)
FN:241,(anonymous_43)
FN:253,(anonymous_44)
FN:256,(anonymous_45)
FN:262,(anonymous_46)
FN:265,(anonymous_47)
FN:273,(anonymous_48)
FN:276,(anonymous_49)
FN:279,(anonymous_50)
FN:291,(anonymous_51)
FN:294,(anonymous_52)
FN:297,(anonymous_53)
FN:307,(anonymous_54)
FN:310,(anonymous_55)
FN:316,(anonymous_56)
FN:319,(anonymous_57)
FN:325,(anonymous_58)
FN:328,(anonymous_59)
FN:333,(anonymous_60)
FN:336,(anonymous_61)
FN:343,(anonymous_62)
FN:346,(anonymous_63)
FN:350,(anonymous_64)
FN:358,(anonymous_65)
FN:361,(anonymous_66)
FN:365,(anonymous_67)
FN:373,(anonymous_68)
FN:376,(anonymous_69)
FN:381,(anonymous_70)
FN:389,(anonymous_71)
FN:392,(anonymous_72)
FN:397,(anonymous_73)
FN:405,(anonymous_74)
FN:408,(anonymous_75)
FN:413,(anonymous_76)
FNF:76
FNH:76
FNDA:1,(anonymous_1)
FNDA:1,(anonymous_2)
FNDA:1,(anonymous_3)
FNDA:1,(anonymous_4)
FNDA:1,(anonymous_5)
FNDA:1,(anonymous_6)
FNDA:1,(anonymous_7)
FNDA:1,(anonymous_8)
FNDA:1,(anonymous_9)
FNDA:1,(anonymous_10)
FNDA:1,(anonymous_11)
FNDA:1,(anonymous_12)
FNDA:1,(anonymous_13)
FNDA:1,(anonymous_14)
FNDA:1,(anonymous_15)
FNDA:1,(anonymous_16)
FNDA:1,(anonymous_17)
FNDA:1,(anonymous_18)
FNDA:1,(anonymous_19)
FNDA:1,(anonymous_20)
FNDA:1,(anonymous_21)
FNDA:1,(anonymous_22)
FNDA:1,(anonymous_23)
FNDA:1,(anonymous_24)
FNDA:1,(anonymous_25)
FNDA:1,(anonymous_26)
FNDA:1,(anonymous_27)
FNDA:1,(anonymous_28)
FNDA:1,(anonymous_29)
FNDA:1,(anonymous_30)
FNDA:1,(anonymous_31)
FNDA:1,(anonymous_32)
FNDA:1,(anonymous_33)
FNDA:1,(anonymous_34)
FNDA:1,(anonymous_35)
FNDA:1,(anonymous_36)
FNDA:1,(anonymous_37)
FNDA:1,(anonymous_38)
FNDA:1,(anonymous_39)
FNDA:1,(anonymous_40)
FNDA:1,(anonymous_41)
FNDA:1,(anonymous_42)
FNDA:1,(anonymous_43)
FNDA:1,(anonymous_44)
FNDA:1,(anonymous_45)
FNDA:1,(anonymous_46)
FNDA:1,(anonymous_47)
FNDA:1,(anonymous_48)
FNDA:1,(anonymous_49)
FNDA:1,(anonymous_50)
FNDA:1,(anonymous_51)
FNDA:1,(anonymous_52)
FNDA:1,(anonymous_53)
FNDA:1,(anonymous_54)
FNDA:1,(anonymous_55)
FNDA:1,(anonymous_56)
FNDA:1,(anonymous_57)
FNDA:1,(anonymous_58)
FNDA:1,(anonymous_59)
FNDA:1,(anonymous_60)
FNDA:1,(anonymous_61)
FNDA:1,(anonymous_62)
FNDA:1,(anonymous_63)
FNDA:1,(anonymous_64)
FNDA:1,(anonymous_65)
FNDA:1,(anonymous_66)
FNDA:1,(anonymous_67)
FNDA:1,(anonymous_68)
FNDA:1,(anonymous_69)
FNDA:1,(anonymous_70)
FNDA:1,(anonymous_71)
FNDA:1,(anonymous_72)
FNDA:1,(anonymous_73)
FNDA:1,(anonymous_74)
FNDA:1,(anonymous_75)
FNDA:1,(anonymous_76)
DA:1,1
DA:2,1
DA:4,1
DA:6,1
DA:7,1
DA:9,1
DA:10,1
DA:12,1
DA:13,1
DA:14,1
DA:16,1
DA:17,1
DA:20,1
DA:21,1
DA:24,1
DA:25,1
DA:28,1
DA:29,1
DA:32,1
DA:33,1
DA:36,1
DA:37,1
DA:40,1
DA:41,1
DA:44,1
DA:45,1
DA:48,1
DA:49,1
DA:52,1
DA:53,1
DA:56,1
DA:57,1
DA:60,1
DA:61,1
DA:64,1
DA:65,1
DA:68,1
DA:69,1
DA:72,1
DA:73,1
DA:76,1
DA:77,1
DA:80,1
DA:81,1
DA:84,1
DA:85,1
DA:88,1
DA:89,1
DA:92,1
DA:93,1
DA:96,1
DA:97,1
DA:100,1
DA:101,1
DA:104,1
DA:105,1
DA:108,1
DA:109,1
DA:112,1
DA:113,1
DA:116,1
DA:117,1
DA:123,1
DA:124,1
DA:137,1
DA:150,1
DA:163,1
DA:177,1
DA:178,1
DA:181,1
DA:182,1
DA:188,1
DA:191,1
DA:192,1
DA:195,1
DA:196,1
DA:199,1
DA:200,1
DA:203,1
DA:204,1
DA:207,1
DA:208,1
DA:211,1
DA:212,1
DA:215,1
DA:216,1
DA:219,1
DA:220,1
DA:221,1
DA:224,1
DA:226,1
DA:227,1
DA:228,1
DA:231,1
DA:232,1
DA:233,1
DA:238,1
DA:239,1
DA:242,1
DA:243,1
DA:244,1
DA:250,1
DA:253,1
DA:254,1
DA:257,1
DA:258,1
DA:259,1
DA:262,1
DA:263,1
DA:266,1
DA:267,1
DA:268,1
DA:273,1
DA:274,1
DA:277,1
DA:280,1
DA:281,1
DA:282,1
DA:283,1
DA:284,1
DA:285,1
DA:286,1
DA:288,1
DA:291,1
DA:292,1
DA:295,1
DA:298,1
DA:299,1
DA:300,1
DA:302,1
DA:307,1
DA:308,1
DA:311,1
DA:312,1
DA:313,1
DA:316,1
DA:317,1
DA:320,1
DA:321,1
DA:322,1
DA:325,1
DA:326,1
DA:329,1
DA:330,1
DA:333,1
DA:334,1
DA:337,1
DA:338,1
DA:343,1
DA:344,1
DA:347,1
DA:351,1
DA:352,1
DA:353,1
DA:355,1
DA:358,1
DA:359,1
DA:362,1
DA:366,1
DA:367,1
DA:368,1
DA:370,1
DA:373,1
DA:374,1
DA:377,1
DA:382,1
DA:383,1
DA:384,1
DA:386,1
DA:389,1
DA:390,1
DA:393,1
DA:398,1
DA:399,1
DA:400,1
DA:402,1
DA:405,1
DA:406,1
DA:409,1
DA:414,1
DA:415,1
DA:416,1
DA:418,1
LF:183
LH:183
BRF:0
BRH:0
end_of_record
TN:
SF:C:/Users/ChuksJoe/Desktop/AutoMart/tests/2-carsTest.js
FN:8,(anonymous_1)
FN:116,(anonymous_2)
FN:119,(anonymous_3)
FN:126,(anonymous_4)
FN:141,(anonymous_5)
FN:144,(anonymous_6)
FN:150,(anonymous_7)
FN:158,(anonymous_8)
FN:163,(anonymous_9)
FN:169,(anonymous_10)
FN:179,(anonymous_11)
FN:182,(anonymous_12)
FN:189,(anonymous_13)
FN:195,(anonymous_14)
FN:198,(anonymous_15)
FN:205,(anonymous_16)
FN:211,(anonymous_17)
FN:214,(anonymous_18)
FN:221,(anonymous_19)
FN:227,(anonymous_20)
FN:230,(anonymous_21)
FN:237,(anonymous_22)
FN:243,(anonymous_23)
FN:246,(anonymous_24)
FN:255,(anonymous_25)
FN:258,(anonymous_26)
FN:261,(anonymous_27)
FN:272,(anonymous_28)
FN:275,(anonymous_29)
FN:282,(anonymous_30)
FN:285,(anonymous_31)
FN:295,(anonymous_32)
FN:298,(anonymous_33)
FN:307,(anonymous_34)
FN:310,(anonymous_35)
FN:318,(anonymous_36)
FN:321,(anonymous_37)
FN:330,(anonymous_38)
FN:333,(anonymous_39)
FN:341,(anonymous_40)
FN:344,(anonymous_41)
FN:352,(anonymous_42)
FN:355,(anonymous_43)
FN:363,(anonymous_44)
FN:366,(anonymous_45)
FN:369,(anonymous_46)
FN:379,(anonymous_47)
FN:382,(anonymous_48)
FN:385,(anonymous_49)
FN:389,(anonymous_50)
FN:401,(anonymous_51)
FN:404,(anonymous_52)
FN:407,(anonymous_53)
FN:411,(anonymous_54)
FN:422,(anonymous_55)
FN:425,(anonymous_56)
FN:429,(anonymous_57)
FN:440,(anonymous_58)
FN:443,(anonymous_59)
FN:451,(anonymous_60)
FN:454,(anonymous_61)
FN:457,(anonymous_62)
FN:462,(anonymous_63)
FN:475,(anonymous_64)
FN:478,(anonymous_65)
FN:481,(anonymous_66)
FN:486,(anonymous_67)
FN:497,(anonymous_68)
FN:500,(anonymous_69)
FN:503,(anonymous_70)
FN:507,(anonymous_71)
FN:516,(anonymous_72)
FN:519,(anonymous_73)
FN:522,(anonymous_74)
FN:526,(anonymous_75)
FN:535,(anonymous_76)
FN:538,(anonymous_77)
FN:541,(anonymous_78)
FN:545,(anonymous_79)
FNF:79
FNH:79
FNDA:1,(anonymous_1)
FNDA:1,(anonymous_2)
FNDA:1,(anonymous_3)
FNDA:1,(anonymous_4)
FNDA:1,(anonymous_5)
FNDA:1,(anonymous_6)
FNDA:1,(anonymous_7)
FNDA:1,(anonymous_8)
FNDA:1,(anonymous_9)
FNDA:1,(anonymous_10)
FNDA:1,(anonymous_11)
FNDA:1,(anonymous_12)
FNDA:1,(anonymous_13)
FNDA:1,(anonymous_14)
FNDA:1,(anonymous_15)
FNDA:1,(anonymous_16)
FNDA:1,(anonymous_17)
FNDA:1,(anonymous_18)
FNDA:1,(anonymous_19)
FNDA:1,(anonymous_20)
FNDA:1,(anonymous_21)
FNDA:1,(anonymous_22)
FNDA:1,(anonymous_23)
FNDA:1,(anonymous_24)
FNDA:1,(anonymous_25)
FNDA:1,(anonymous_26)
FNDA:5,(anonymous_27)
FNDA:1,(anonymous_28)
FNDA:1,(anonymous_29)
FNDA:1,(anonymous_30)
FNDA:1,(anonymous_31)
FNDA:1,(anonymous_32)
FNDA:1,(anonymous_33)
FNDA:1,(anonymous_34)
FNDA:1,(anonymous_35)
FNDA:1,(anonymous_36)
FNDA:1,(anonymous_37)
FNDA:1,(anonymous_38)
FNDA:1,(anonymous_39)
FNDA:1,(anonymous_40)
FNDA:1,(anonymous_41)
FNDA:1,(anonymous_42)
FNDA:1,(anonymous_43)
FNDA:1,(anonymous_44)
FNDA:1,(anonymous_45)
FNDA:1,(anonymous_46)
FNDA:1,(anonymous_47)
FNDA:1,(anonymous_48)
FNDA:1,(anonymous_49)
FNDA:1,(anonymous_50)
FNDA:1,(anonymous_51)
FNDA:1,(anonymous_52)
FNDA:1,(anonymous_53)
FNDA:1,(anonymous_54)
FNDA:1,(anonymous_55)
FNDA:1,(anonymous_56)
FNDA:1,(anonymous_57)
FNDA:1,(anonymous_58)
FNDA:1,(anonymous_59)
FNDA:1,(anonymous_60)
FNDA:1,(anonymous_61)
FNDA:1,(anonymous_62)
FNDA:1,(anonymous_63)
FNDA:1,(anonymous_64)
FNDA:1,(anonymous_65)
FNDA:1,(anonymous_66)
FNDA:1,(anonymous_67)
FNDA:1,(anonymous_68)
FNDA:1,(anonymous_69)
FNDA:1,(anonymous_70)
FNDA:1,(anonymous_71)
FNDA:1,(anonymous_72)
FNDA:1,(anonymous_73)
FNDA:1,(anonymous_74)
FNDA:1,(anonymous_75)
FNDA:1,(anonymous_76)
FNDA:1,(anonymous_77)
FNDA:1,(anonymous_78)
FNDA:1,(anonymous_79)
DA:1,1
DA:3,1
DA:8,1
DA:9,1
DA:30,1
DA:51,1
DA:72,1
DA:93,1
DA:116,1
DA:117,1
DA:120,1
DA:127,1
DA:128,1
DA:129,1
DA:136,1
DA:138,1
DA:141,1
DA:142,1
DA:145,1
DA:151,1
DA:152,1
DA:153,1
DA:155,1
DA:158,1
DA:159,1
DA:160,1
DA:161,1
DA:164,1
DA:170,1
DA:171,1
DA:172,1
DA:174,1
DA:179,1
DA:180,1
DA:183,1
DA:190,1
DA:191,1
DA:195,1
DA:196,1
DA:199,1
DA:206,1
DA:207,1
DA:211,1
DA:212,1
DA:215,1
DA:222,1
DA:223,1
DA:227,1
DA:228,1
DA:231,1
DA:238,1
DA:239,1
DA:243,1
DA:244,1
DA:247,1
DA:248,1
DA:249,1
DA:255,1
DA:256,1
DA:259,1
DA:260,1
DA:261,1
DA:262,5
DA:265,5
DA:267,1
DA:269,1
DA:272,1
DA:273,1
DA:276,1
DA:277,1
DA:278,1
DA:280,1
DA:282,1
DA:283,1
DA:286,1
DA:287,1
DA:288,1
DA:289,1
DA:290,1
DA:291,1
DA:293,1
DA:295,1
DA:296,1
DA:299,1
DA:300,1
DA:301,1
DA:302,1
DA:303,1
DA:305,1
DA:307,1
DA:308,1
DA:311,1
DA:312,1
DA:313,1
DA:314,1
DA:316,1
DA:318,1
DA:319,1
DA:322,1
DA:323,1
DA:324,1
DA:325,1
DA:327,1
DA:330,1
DA:331,1
DA:334,1
DA:335,1
DA:336,1
DA:337,1
DA:339,1
DA:341,1
DA:342,1
DA:345,1
DA:346,1
DA:347,1
DA:348,1
DA:350,1
DA:352,1
DA:353,1
DA:356,1
DA:357,1
DA:358,1
DA:359,1
DA:361,1
DA:363,1
DA:364,1
DA:367,1
DA:370,1
DA:371,1
DA:372,1
DA:374,1
DA:379,1
DA:380,1
DA:383,1
DA:386,1
DA:387,1
DA:390,1
DA:391,1
DA:392,1
DA:393,1
DA:394,1
DA:395,1
DA:398,1
DA:401,1
DA:402,1
DA:405,1
DA:408,1
DA:409,1
DA:412,1
DA:413,1
DA:414,1
DA:417,1
DA:422,1
DA:423,1
DA:426,1
DA:427,1
DA:430,1
DA:431,1
DA:432,1
DA:433,1
DA:434,1
DA:435,1
DA:436,1
DA:440,1
DA:441,1
DA:444,1
DA:445,1
DA:446,1
DA:451,1
DA:452,1
DA:455,1
DA:458,1
DA:459,1
DA:463,1
DA:464,1
DA:465,1
DA:466,1
DA:467,1
DA:468,1
DA:469,1
DA:472,1
DA:475,1
DA:476,1
DA:479,1
DA:482,1
DA:483,1
DA:487,1
DA:488,1
DA:489,1
DA:492,1
DA:497,1
DA:498,1
DA:501,1
DA:504,1
DA:505,1
DA:508,1
DA:509,1
DA:510,1
DA:513,1
DA:516,1
DA:517,1
DA:520,1
DA:523,1
DA:524,1
DA:527,1
DA:528,1
DA:529,1
DA:532,1
DA:535,1
DA:536,1
DA:539,1
DA:542,1
DA:543,1
DA:546,1
DA:547,1
DA:548,1
DA:551,1
LF:217
LH:217
BRF:0
BRH:0
end_of_record
TN:
SF:C:/Users/ChuksJoe/Desktop/AutoMart/tests/3-ordersTest.js
FN:5,(anonymous_1)
FN:6,(anonymous_2)
FN:9,(anonymous_3)
FN:12,(anonymous_4)
FN:17,(anonymous_5)
FN:30,(anonymous_6)
FN:33,(anonymous_7)
FN:36,(anonymous_8)
FN:41,(anonymous_9)
FN:51,(anonymous_10)
FN:54,(anonymous_11)
FN:57,(anonymous_12)
FN:62,(anonymous_13)
FN:72,(anonymous_14)
FN:75,(anonymous_15)
FN:81,(anonymous_16)
FN:84,(anonymous_17)
FN:88,(anonymous_18)
FN:93,(anonymous_19)
FN:102,(anonymous_20)
FN:105,(anonymous_21)
FN:109,(anonymous_22)
FN:114,(anonymous_23)
FN:124,(anonymous_24)
FN:127,(anonymous_25)
FN:131,(anonymous_26)
FN:141,(anonymous_27)
FN:144,(anonymous_28)
FN:147,(anonymous_29)
FN:156,(anonymous_30)
FN:159,(anonymous_31)
FN:167,(anonymous_32)
FN:170,(anonymous_33)
FN:173,(anonymous_34)
FN:182,(anonymous_35)
FN:185,(anonymous_36)
FN:193,(anonymous_37)
FN:196,(anonymous_38)
FN:200,(anonymous_39)
FN:205,(anonymous_40)
FN:216,(anonymous_41)
FN:220,(anonymous_42)
FN:228,(anonymous_43)
FN:231,(anonymous_44)
FN:235,(anonymous_45)
FN:243,(anonymous_46)
FN:246,(anonymous_47)
FN:250,(anonymous_48)
FN:254,(anonymous_49)
FN:265,(anonymous_50)
FN:268,(anonymous_51)
FN:272,(anonymous_52)
FN:280,(anonymous_53)
FN:283,(anonymous_54)
FN:287,(anonymous_55)
FN:291,(anonymous_56)
FN:302,(anonymous_57)
FN:305,(anonymous_58)
FN:309,(anonymous_59)
FN:317,(anonymous_60)
FN:320,(anonymous_61)
FN:324,(anonymous_62)
FN:328,(anonymous_63)
FNF:63
FNH:63
FNDA:1,(anonymous_1)
FNDA:1,(anonymous_2)
FNDA:1,(anonymous_3)
FNDA:1,(anonymous_4)
FNDA:1,(anonymous_5)
FNDA:1,(anonymous_6)
FNDA:1,(anonymous_7)
FNDA:1,(anonymous_8)
FNDA:1,(anonymous_9)
FNDA:1,(anonymous_10)
FNDA:1,(anonymous_11)
FNDA:1,(anonymous_12)
FNDA:1,(anonymous_13)
FNDA:1,(anonymous_14)
FNDA:1,(anonymous_15)
FNDA:1,(anonymous_16)
FNDA:1,(anonymous_17)
FNDA:1,(anonymous_18)
FNDA:1,(anonymous_19)
FNDA:1,(anonymous_20)
FNDA:1,(anonymous_21)
FNDA:1,(anonymous_22)
FNDA:1,(anonymous_23)
FNDA:1,(anonymous_24)
FNDA:1,(anonymous_25)
FNDA:1,(anonymous_26)
FNDA:1,(anonymous_27)
FNDA:1,(anonymous_28)
FNDA:1,(anonymous_29)
FNDA:1,(anonymous_30)
FNDA:1,(anonymous_31)
FNDA:1,(anonymous_32)
FNDA:1,(anonymous_33)
FNDA:1,(anonymous_34)
FNDA:1,(anonymous_35)
FNDA:1,(anonymous_36)
FNDA:1,(anonymous_37)
FNDA:1,(anonymous_38)
FNDA:1,(anonymous_39)
FNDA:1,(anonymous_40)
FNDA:1,(anonymous_41)
FNDA:1,(anonymous_42)
FNDA:1,(anonymous_43)
FNDA:1,(anonymous_44)
FNDA:1,(anonymous_45)
FNDA:1,(anonymous_46)
FNDA:1,(anonymous_47)
FNDA:1,(anonymous_48)
FNDA:1,(anonymous_49)
FNDA:1,(anonymous_50)
FNDA:1,(anonymous_51)
FNDA:1,(anonymous_52)
FNDA:1,(anonymous_53)
FNDA:1,(anonymous_54)
FNDA:1,(anonymous_55)
FNDA:1,(anonymous_56)
FNDA:1,(anonymous_57)
FNDA:1,(anonymous_58)
FNDA:1,(anonymous_59)
FNDA:1,(anonymous_60)
FNDA:1,(anonymous_61)
FNDA:1,(anonymous_62)
FNDA:1,(anonymous_63)
DA:1,1
DA:3,1
DA:5,1
DA:6,1
DA:7,1
DA:10,1
DA:13,1
DA:14,1
DA:18,1
DA:19,1
DA:20,1
DA:21,1
DA:22,1
DA:23,1
DA:24,1
DA:27,1
DA:30,1
DA:31,1
DA:34,1
DA:37,1
DA:38,1
DA:42,1
DA:43,1
DA:44,1
DA:45,1
DA:48,1
DA:51,1
DA:52,1
DA:55,1
DA:58,1
DA:59,1
DA:63,1
DA:64,1
DA:65,1
DA:68,1
DA:72,1
DA:73,1
DA:76,1
DA:77,1
DA:78,1
DA:81,1
DA:82,1
DA:85,1
DA:86,1
DA:89,1
DA:90,1
DA:94,1
DA:95,1
DA:96,1
DA:99,1
DA:102,1
DA:103,1
DA:106,1
DA:107,1
DA:110,1
DA:111,1
DA:115,1
DA:116,1
DA:117,1
DA:120,1
DA:124,1
DA:125,1
DA:128,1
DA:132,1
DA:133,1
DA:134,1
DA:136,1
DA:141,1
DA:142,1
DA:145,1
DA:148,1
DA:149,1
DA:150,1
DA:151,1
DA:153,1
DA:156,1
DA:157,1
DA:160,1
DA:161,1
DA:162,1
DA:167,1
DA:168,1
DA:171,1
DA:174,1
DA:175,1
DA:176,1
DA:177,1
DA:179,1
DA:182,1
DA:183,1
DA:186,1
DA:187,1
DA:188,1
DA:193,1
DA:194,1
DA:197,1
DA:198,1
DA:201,1
DA:202,1
DA:206,1
DA:207,1
DA:208,1
DA:209,1
DA:210,1
DA:213,1
DA:216,1
DA:217,1
DA:221,1
DA:222,1
DA:223,1
DA:228,1
DA:229,1
DA:232,1
DA:233,1
DA:236,1
DA:237,1
DA:238,1
DA:240,1
DA:243,1
DA:244,1
DA:247,1
DA:248,1
DA:251,1
DA:252,1
DA:255,1
DA:256,1
DA:257,1
DA:260,1
DA:265,1
DA:266,1
DA:269,1
DA:270,1
DA:273,1
DA:274,1
DA:275,1
DA:277,1
DA:280,1
DA:281,1
DA:284,1
DA:285,1
DA:288,1
DA:289,1
DA:292,1
DA:293,1
DA:294,1
DA:297,1
DA:302,1
DA:303,1
DA:306,1
DA:307,1
DA:310,1
DA:311,1
DA:312,1
DA:314,1
DA:317,1
DA:318,1
DA:321,1
DA:322,1
DA:325,1
DA:326,1
DA:329,1
DA:330,1
DA:331,1
DA:334,1
LF:164
LH:164
BRF:0
BRH:0
end_of_record
TN:
SF:C:/Users/ChuksJoe/Desktop/AutoMart/tests/4-flagsTest.js
FN:5,(anonymous_1)
FN:6,(anonymous_2)
FN:9,(anonymous_3)
FN:12,(anonymous_4)
FN:17,(anonymous_5)
FN:30,(anonymous_6)
FN:33,(anonymous_7)
FN:36,(anonymous_8)
FN:41,(anonymous_9)
FN:51,(anonymous_10)
FN:54,(anonymous_11)
FN:57,(anonymous_12)
FN:62,(anonymous_13)
FN:71,(anonymous_14)
FN:74,(anonymous_15)
FN:78,(anonymous_16)
FN:83,(anonymous_17)
FN:92,(anonymous_18)
FN:95,(anonymous_19)
FN:99,(anonymous_20)
FN:104,(anonymous_21)
FN:114,(anonymous_22)
FN:117,(anonymous_23)
FN:121,(anonymous_24)
FN:131,(anonymous_25)
FN:134,(anonymous_26)
FN:137,(anonymous_27)
FN:141,(anonymous_28)
FN:150,(anonymous_29)
FN:153,(anonymous_30)
FN:156,(anonymous_31)
FN:160,(anonymous_32)
FN:169,(anonymous_33)
FN:172,(anonymous_34)
FN:175,(anonymous_35)
FN:185,(anonymous_36)
FN:188,(anonymous_37)
FN:191,(anonymous_38)
FN:195,(anonymous_39)
FN:199,(anonymous_40)
FN:209,(anonymous_41)
FN:212,(anonymous_42)
FN:215,(anonymous_43)
FN:219,(anonymous_44)
FN:223,(anonymous_45)
FN:233,(anonymous_46)
FN:236,(anonymous_47)
FN:239,(anonymous_48)
FN:247,(anonymous_49)
FN:250,(anonymous_50)
FN:253,(anonymous_51)
FN:263,(anonymous_52)
FN:266,(anonymous_53)
FN:269,(anonymous_54)
FN:273,(anonymous_55)
FN:277,(anonymous_56)
FN:288,(anonymous_57)
FN:291,(anonymous_58)
FN:294,(anonymous_59)
FN:306,(anonymous_60)
FN:307,(anonymous_61)
FN:310,(anonymous_62)
FN:314,(anonymous_63)
FN:318,(anonymous_64)
FN:325,(anonymous_65)
FN:328,(anonymous_66)
FN:332,(anonymous_67)
FN:336,(anonymous_68)
FN:343,(anonymous_69)
FN:346,(anonymous_70)
FN:350,(anonymous_71)
FN:354,(anonymous_72)
FNF:72
FNH:72
FNDA:1,(anonymous_1)
FNDA:1,(anonymous_2)
FNDA:1,(anonymous_3)
FNDA:1,(anonymous_4)
FNDA:1,(anonymous_5)
FNDA:1,(anonymous_6)
FNDA:1,(anonymous_7)
FNDA:1,(anonymous_8)
FNDA:1,(anonymous_9)
FNDA:1,(anonymous_10)
FNDA:1,(anonymous_11)
FNDA:1,(anonymous_12)
FNDA:1,(anonymous_13)
FNDA:1,(anonymous_14)
FNDA:1,(anonymous_15)
FNDA:1,(anonymous_16)
FNDA:1,(anonymous_17)
FNDA:1,(anonymous_18)
FNDA:1,(anonymous_19)
FNDA:1,(anonymous_20)
FNDA:1,(anonymous_21)
FNDA:1,(anonymous_22)
FNDA:1,(anonymous_23)
FNDA:1,(anonymous_24)
FNDA:1,(anonymous_25)
FNDA:1,(anonymous_26)
FNDA:1,(anonymous_27)
FNDA:1,(anonymous_28)
FNDA:1,(anonymous_29)
FNDA:1,(anonymous_30)
FNDA:1,(anonymous_31)
FNDA:1,(anonymous_32)
FNDA:1,(anonymous_33)
FNDA:1,(anonymous_34)
FNDA:1,(anonymous_35)
FNDA:1,(anonymous_36)
FNDA:1,(anonymous_37)
FNDA:1,(anonymous_38)
FNDA:1,(anonymous_39)
FNDA:1,(anonymous_40)
FNDA:1,(anonymous_41)
FNDA:1,(anonymous_42)
FNDA:1,(anonymous_43)
FNDA:1,(anonymous_44)
FNDA:1,(anonymous_45)
FNDA:1,(anonymous_46)
FNDA:1,(anonymous_47)
FNDA:1,(anonymous_48)
FNDA:1,(anonymous_49)
FNDA:1,(anonymous_50)
FNDA:1,(anonymous_51)
FNDA:1,(anonymous_52)
FNDA:1,(anonymous_53)
FNDA:1,(anonymous_54)
FNDA:1,(anonymous_55)
FNDA:1,(anonymous_56)
FNDA:1,(anonymous_57)
FNDA:1,(anonymous_58)
FNDA:1,(anonymous_59)
FNDA:1,(anonymous_60)
FNDA:1,(anonymous_61)
FNDA:1,(anonymous_62)
FNDA:1,(anonymous_63)
FNDA:1,(anonymous_64)
FNDA:1,(anonymous_65)
FNDA:1,(anonymous_66)
FNDA:1,(anonymous_67)
FNDA:1,(anonymous_68)
FNDA:1,(anonymous_69)
FNDA:1,(anonymous_70)
FNDA:1,(anonymous_71)
FNDA:1,(anonymous_72)
DA:1,1
DA:3,1
DA:5,1
DA:6,1
DA:7,1
DA:10,1
DA:13,1
DA:14,1
DA:18,1
DA:19,1
DA:20,1
DA:21,1
DA:22,1
DA:23,1
DA:24,1
DA:27,1
DA:30,1
DA:31,1
DA:34,1
DA:37,1
DA:38,1
DA:42,1
DA:43,1
DA:44,1
DA:45,1
DA:48,1
DA:51,1
DA:52,1
DA:55,1
DA:58,1
DA:59,1
DA:63,1
DA:64,1
DA:65,1
DA:68,1
DA:71,1
DA:72,1
DA:75,1
DA:76,1
DA:79,1
DA:80,1
DA:84,1
DA:85,1
DA:86,1
DA:89,1
DA:92,1
DA:93,1
DA:96,1
DA:97,1
DA:100,1
DA:101,1
DA:105,1
DA:106,1
DA:107,1
DA:110,1
DA:114,1
DA:115,1
DA:118,1
DA:122,1
DA:123,1
DA:124,1
DA:126,1
DA:131,1
DA:132,1
DA:135,1
DA:138,1
DA:139,1
DA:142,1
DA:143,1
DA:144,1
DA:147,1
DA:150,1
DA:151,1
DA:154,1
DA:157,1
DA:158,1
DA:161,1
DA:162,1
DA:163,1
DA:166,1
DA:169,1
DA:170,1
DA:173,1
DA:176,1
DA:177,1
DA:178,1
DA:180,1
DA:185,1
DA:186,1
DA:189,1
DA:192,1
DA:193,1
DA:196,1
DA:197,1
DA:200,1
DA:201,1
DA:202,1
DA:206,1
DA:209,1
DA:210,1
DA:213,1
DA:216,1
DA:217,1
DA:220,1
DA:221,1
DA:224,1
DA:225,1
DA:226,1
DA:230,1
DA:233,1
DA:234,1
DA:237,1
DA:240,1
DA:241,1
DA:242,1
DA:244,1
DA:247,1
DA:248,1
DA:251,1
DA:254,1
DA:255,1
DA:256,1
DA:258,1
DA:263,1
DA:264,1
DA:267,1
DA:270,1
DA:271,1
DA:274,1
DA:275,1
DA:278,1
DA:279,1
DA:280,1
DA:281,1
DA:285,1
DA:288,1
DA:289,1
DA:292,1
DA:295,1
DA:296,1
DA:297,1
DA:299,1
DA:306,1
DA:307,1
DA:308,1
DA:311,1
DA:312,1
DA:315,1
DA:316,1
DA:319,1
DA:320,1
DA:325,1
DA:326,1
DA:329,1
DA:330,1
DA:333,1
DA:334,1
DA:337,1
DA:338,1
DA:343,1
DA:344,1
DA:347,1
DA:348,1
DA:351,1
DA:352,1
DA:355,1
DA:356,1
LF:167
LH:167
BRF:0
BRH:0
end_of_record
