TN:
SF:C:/Users/ChuksJoe/Desktop/AutoMart/api/v1/index.js
FN:35,(anonymous_1)
FN:39,(anonymous_2)
FN:43,(anonymous_3)
FN:47,(anonymous_4)
FN:51,(anonymous_5)
FN:55,(anonymous_6)
FN:59,(anonymous_7)
FN:63,(anonymous_8)
FN:67,(anonymous_9)
FN:71,(anonymous_10)
FN:75,(anonymous_11)
FN:80,(anonymous_12)
FN:84,(anonymous_13)
FNF:13
FNH:1
FNDA:0,(anonymous_1)
FNDA:0,(anonymous_2)
FNDA:0,(anonymous_3)
FNDA:0,(anonymous_4)
FNDA:0,(anonymous_5)
FNDA:0,(anonymous_6)
FNDA:0,(anonymous_7)
FNDA:0,(anonymous_8)
FNDA:0,(anonymous_9)
FNDA:0,(anonymous_10)
FNDA:0,(anonymous_11)
FNDA:0,(anonymous_12)
FNDA:1,(anonymous_13)
DA:1,1
DA:2,1
DA:3,1
DA:4,1
DA:6,1
DA:8,1
DA:9,1
DA:10,1
DA:12,1
DA:13,1
DA:14,1
DA:16,1
DA:17,1
DA:18,1
DA:21,1
DA:24,1
DA:26,1
DA:27,1
DA:30,1
DA:31,1
DA:32,1
DA:33,1
DA:35,1
DA:36,0
DA:39,1
DA:40,0
DA:43,1
DA:44,0
DA:47,1
DA:48,0
DA:51,1
DA:52,0
DA:55,1
DA:56,0
DA:59,1
DA:60,0
DA:63,1
DA:64,0
DA:67,1
DA:68,0
DA:71,1
DA:72,0
DA:75,1
DA:76,0
DA:80,1
DA:81,0
DA:84,1
DA:85,1
DA:89,1
DA:90,1
LF:50
LH:38
BRDA:84,0,0,1
BRDA:84,0,1,0
BRF:2
BRH:1
end_of_record
TN:
SF:C:/Users/ChuksJoe/Desktop/AutoMart/api/v1/server.js
FNF:0
FNH:0
DA:1,1
DA:2,1
DA:4,1
DA:5,1
DA:6,1
DA:7,1
DA:9,1
DA:10,1
DA:13,1
DA:14,1
DA:15,1
DA:18,1
DA:19,1
DA:20,1
DA:21,1
DA:22,1
DA:23,1
DA:26,1
DA:27,1
DA:28,1
DA:30,1
LF:21
LH:21
BRF:0
BRH:0
end_of_record
TN:
SF:C:/Users/ChuksJoe/Desktop/AutoMart/api/v1/controllers/auth.js
FN:10,(anonymous_1)
FN:19,(anonymous_2)
FN:31,(anonymous_3)
FN:38,(anonymous_4)
FN:78,(anonymous_5)
FNF:5
FNH:5
FNDA:2,(anonymous_1)
FNDA:3,(anonymous_2)
FNDA:4,(anonymous_3)
FNDA:1,(anonymous_4)
FNDA:21,(anonymous_5)
DA:1,1
DA:2,1
DA:4,1
DA:5,1
DA:6,1
DA:11,2
DA:12,2
DA:13,1
DA:15,1
DA:20,3
DA:21,3
DA:22,3
DA:26,3
DA:27,3
DA:28,1
DA:30,2
DA:31,2
DA:32,4
DA:33,1
DA:35,3
DA:38,1
DA:39,1
DA:40,0
DA:42,1
DA:61,1
DA:62,1
DA:63,1
DA:64,1
DA:65,1
DA:67,0
DA:72,2
DA:75,3
DA:79,21
DA:80,21
DA:81,21
DA:82,21
DA:83,1
DA:85,20
DA:86,20
DA:87,19
DA:88,19
DA:89,19
DA:90,19
DA:92,1
DA:95,2
LF:45
LH:43
BRDA:12,0,0,1
BRDA:12,0,1,1
BRDA:27,1,0,1
BRDA:27,1,1,2
BRDA:32,2,0,1
BRDA:32,2,1,3
BRDA:39,3,0,0
BRDA:39,3,1,1
BRDA:61,4,0,1
BRDA:61,4,1,0
BRDA:82,5,0,1
BRDA:82,5,1,20
BRDA:86,6,0,19
BRDA:86,6,1,1
BRF:14
BRH:12
end_of_record
TN:
SF:C:/Users/ChuksJoe/Desktop/AutoMart/api/v1/controllers/cars.js
FN:17,(anonymous_1)
FN:41,(anonymous_2)
FN:74,(anonymous_3)
FN:87,(anonymous_4)
FN:97,(anonymous_5)
FN:104,(anonymous_6)
FN:110,(anonymous_7)
FN:116,(anonymous_8)
FN:122,(anonymous_9)
FN:128,(anonymous_10)
FN:135,(anonymous_11)
FN:140,(anonymous_12)
FN:162,(anonymous_13)
FN:182,(anonymous_14)
FNF:14
FNH:13
FNDA:3,(anonymous_1)
FNDA:1,(anonymous_2)
FNDA:0,(anonymous_3)
FNDA:2,(anonymous_4)
FNDA:10,(anonymous_5)
FNDA:26,(anonymous_6)
FNDA:76,(anonymous_7)
FNDA:24,(anonymous_8)
FNDA:12,(anonymous_9)
FNDA:25,(anonymous_10)
FNDA:13,(anonymous_11)
FNDA:3,(anonymous_12)
FNDA:1,(anonymous_13)
FNDA:2,(anonymous_14)
DA:1,1
DA:2,1
DA:3,1
DA:4,1
DA:6,1
DA:7,1
DA:9,1
DA:18,3
DA:19,3
DA:20,3
DA:21,1
DA:23,2
DA:24,1
DA:28,1
DA:34,1
DA:36,1
DA:42,1
DA:72,1
DA:75,0
DA:76,0
DA:77,0
DA:79,0
DA:82,2
DA:88,2
DA:89,2
DA:90,1
DA:92,1
DA:98,10
DA:100,10
DA:101,10
DA:102,2
DA:103,2
DA:104,26
DA:108,10
DA:109,10
DA:110,76
DA:114,10
DA:115,10
DA:116,24
DA:120,10
DA:121,10
DA:122,12
DA:126,10
DA:127,10
DA:128,25
DA:132,10
DA:133,10
DA:134,1
DA:135,13
DA:137,10
DA:141,3
DA:142,3
DA:143,3
DA:144,3
DA:145,0
DA:147,3
DA:148,1
DA:150,2
DA:151,2
DA:157,1
DA:163,1
DA:164,1
DA:165,1
DA:166,1
DA:167,1
DA:168,0
DA:170,1
DA:171,0
DA:173,1
DA:174,1
DA:175,1
DA:177,0
DA:183,2
DA:184,2
DA:185,2
DA:186,2
DA:187,0
DA:189,2
DA:190,1
DA:192,1
DA:193,1
DA:194,1
DA:200,1
LF:83
LH:74
BRDA:20,0,0,1
BRDA:20,0,1,2
BRDA:23,1,0,1
BRDA:23,1,1,1
BRDA:75,2,0,0
BRDA:75,2,1,0
BRDA:89,3,0,1
BRDA:89,3,1,1
BRDA:101,4,0,2
BRDA:101,4,1,8
BRDA:101,5,0,10
BRDA:101,5,1,8
BRDA:102,6,0,0
BRDA:102,6,1,2
BRDA:103,7,0,1
BRDA:103,7,1,1
BRDA:104,8,0,26
BRDA:104,8,1,15
BRDA:109,9,0,7
BRDA:109,9,1,3
BRDA:115,10,0,2
BRDA:115,10,1,8
BRDA:121,11,0,1
BRDA:121,11,1,9
BRDA:127,12,0,2
BRDA:127,12,1,8
BRDA:133,13,0,1
BRDA:133,13,1,9
BRDA:144,14,0,0
BRDA:144,14,1,3
BRDA:147,15,0,1
BRDA:147,15,1,2
BRDA:147,16,0,3
BRDA:147,16,1,2
BRDA:167,17,0,0
BRDA:167,17,1,1
BRDA:170,18,0,0
BRDA:170,18,1,1
BRDA:186,19,0,0
BRDA:186,19,1,2
BRDA:189,20,0,1
BRDA:189,20,1,1
BRF:42
BRH:35
end_of_record
TN:
SF:C:/Users/ChuksJoe/Desktop/AutoMart/api/v1/controllers/orders.js
FN:14,(anonymous_1)
FN:19,(anonymous_2)
FN:36,(anonymous_3)
FN:72,(anonymous_4)
FNF:4
FNH:4
FNDA:1,(anonymous_1)
FNDA:1,(anonymous_2)
FNDA:4,(anonymous_3)
FNDA:2,(anonymous_4)
DA:1,1
DA:2,1
DA:3,1
DA:4,1
DA:5,1
DA:15,1
DA:16,1
DA:17,1
DA:18,1
DA:19,1
DA:20,1
DA:21,0
DA:22,1
DA:23,1
DA:25,1
DA:27,1
DA:37,4
DA:38,4
DA:39,4
DA:40,4
DA:41,1
DA:43,3
DA:44,1
DA:46,2
DA:47,1
DA:49,1
DA:50,1
DA:52,1
DA:65,1
DA:67,3
DA:73,2
DA:74,2
DA:75,2
DA:76,2
DA:77,2
DA:78,0
DA:80,2
DA:81,2
DA:82,1
DA:84,1
DA:86,1
DA:87,1
DA:88,1
DA:89,1
DA:90,1
DA:92,1
DA:94,1
LF:47
LH:45
BRDA:20,0,0,0
BRDA:20,0,1,1
BRDA:22,1,0,1
BRDA:22,1,1,0
BRDA:40,2,0,1
BRDA:40,2,1,3
BRDA:43,3,0,1
BRDA:43,3,1,2
BRDA:43,4,0,3
BRDA:43,4,1,3
BRDA:46,5,0,1
BRDA:46,5,1,1
BRDA:77,6,0,0
BRDA:77,6,1,2
BRDA:81,7,0,1
BRDA:81,7,1,1
BRDA:81,8,0,2
BRDA:81,8,1,1
BRDA:87,9,0,1
BRDA:87,9,1,0
BRF:20
BRH:16
end_of_record
TN:
SF:C:/Users/ChuksJoe/Desktop/AutoMart/api/v1/helpers/ApiError.js
FN:2,(anonymous_0)
FNF:1
FNH:1
FNDA:15,(anonymous_0)
DA:3,15
DA:5,15
DA:6,15
LF:3
LH:3
BRF:0
BRH:0
end_of_record
TN:
SF:C:/Users/ChuksJoe/Desktop/AutoMart/api/v1/helpers/utils.js
FN:10,(anonymous_1)
FN:13,(anonymous_2)
FN:23,(anonymous_3)
FN:25,(anonymous_4)
FN:32,(anonymous_5)
FN:58,(anonymous_6)
FN:77,(anonymous_7)
FNF:7
FNH:7
FNDA:18,(anonymous_1)
FNDA:18,(anonymous_2)
FNDA:3,(anonymous_3)
FNDA:23,(anonymous_4)
FNDA:21,(anonymous_5)
FNDA:3,(anonymous_6)
FNDA:3,(anonymous_7)
DA:1,1
DA:2,1
DA:4,1
DA:6,1
DA:7,1
DA:10,18
DA:12,1
DA:14,18
DA:15,18
DA:17,18
DA:18,18
DA:19,18
DA:23,3
DA:26,23
DA:27,23
DA:28,23
DA:29,23
DA:33,21
DA:34,21
DA:35,3
DA:37,18
DA:38,18
DA:39,0
DA:41,18
DA:42,18
DA:43,18
DA:46,18
DA:47,18
DA:49,0
DA:50,0
DA:53,3
DA:56,21
DA:59,3
DA:62,3
DA:63,3
DA:64,3
DA:65,3
DA:66,2
DA:67,0
DA:69,3
DA:70,3
DA:71,3
DA:72,3
DA:73,3
DA:75,3
DA:78,3
DA:79,3
DA:80,3
DA:81,3
DA:82,3
DA:83,3
DA:84,3
DA:85,3
DA:86,3
DA:87,3
DA:88,3
DA:89,3
DA:90,3
DA:91,3
DA:92,3
DA:94,3
LF:61
LH:57
BRDA:10,0,0,18
BRDA:10,0,1,0
BRDA:34,1,0,3
BRDA:34,1,1,18
BRDA:34,2,0,21
BRDA:34,2,1,21
BRDA:38,3,0,0
BRDA:38,3,1,18
BRDA:63,4,0,1
BRDA:63,4,1,2
BRDA:64,5,0,0
BRDA:64,5,1,3
BRDA:65,6,0,1
BRDA:65,6,1,2
BRDA:66,7,0,0
BRDA:66,7,1,2
BRDA:69,8,0,0
BRDA:69,8,1,3
BRDA:70,9,0,0
BRDA:70,9,1,3
BRDA:71,10,0,0
BRDA:71,10,1,3
BRDA:72,11,0,3
BRDA:72,11,1,0
BRDA:73,12,0,0
BRDA:73,12,1,3
BRDA:79,13,0,0
BRDA:79,13,1,3
BRDA:80,14,0,1
BRDA:80,14,1,2
BRDA:81,15,0,0
BRDA:81,15,1,3
BRDA:82,16,0,0
BRDA:82,16,1,3
BRDA:83,17,0,1
BRDA:83,17,1,2
BRDA:84,18,0,0
BRDA:84,18,1,3
BRDA:85,19,0,0
BRDA:85,19,1,3
BRDA:86,20,0,0
BRDA:86,20,1,3
BRDA:87,21,0,0
BRDA:87,21,1,3
BRDA:88,22,0,0
BRDA:88,22,1,3
BRDA:89,23,0,0
BRDA:89,23,1,3
BRDA:90,24,0,0
BRDA:90,24,1,3
BRDA:91,25,0,0
BRDA:91,25,1,3
BRDA:92,26,0,0
BRDA:92,26,1,3
BRF:54
BRH:33
end_of_record
TN:
SF:C:/Users/ChuksJoe/Desktop/AutoMart/api/v1/models/cars.js
FN:9,(anonymous_1)
FN:13,(anonymous_2)
FN:23,(anonymous_3)
FN:26,(anonymous_4)
FN:33,(anonymous_5)
FN:36,(anonymous_6)
FN:46,(anonymous_7)
FN:49,(anonymous_8)
FNF:8
FNH:8
FNDA:10,(anonymous_1)
FNDA:1,(anonymous_2)
FNDA:12,(anonymous_3)
FNDA:139,(anonymous_4)
FNDA:2,(anonymous_5)
FNDA:22,(anonymous_6)
FNDA:2,(anonymous_7)
FNDA:25,(anonymous_8)
DA:1,1
DA:3,1
DA:10,10
DA:14,1
DA:15,1
DA:16,1
DA:17,1
DA:18,1
DA:20,1
DA:24,12
DA:25,12
DA:26,12
DA:27,139
DA:28,139
DA:30,12
DA:34,2
DA:35,2
DA:36,2
DA:37,22
DA:38,22
DA:40,2
DA:42,2
DA:43,2
DA:47,2
DA:48,2
DA:49,2
DA:50,25
DA:51,25
DA:53,2
DA:55,2
DA:56,2
DA:57,2
DA:61,1
LF:33
LH:33
BRDA:27,0,0,10
BRDA:27,0,1,129
BRDA:37,1,0,2
BRDA:37,1,1,20
BRDA:40,2,0,0
BRDA:40,2,1,2
BRDA:50,3,0,2
BRDA:50,3,1,23
BRDA:53,4,0,0
BRDA:53,4,1,2
BRF:10
BRH:8
end_of_record
TN:
SF:C:/Users/ChuksJoe/Desktop/AutoMart/api/v1/models/carsData.js
FNF:0
FNH:0
DA:1,1
DA:3,1
DA:4,1
DA:379,1
LF:4
LH:4
BRF:0
BRH:0
end_of_record
TN:
SF:C:/Users/ChuksJoe/Desktop/AutoMart/api/v1/models/orders.js
FN:23,(anonymous_0)
FN:28,(anonymous_1)
FN:38,(anonymous_2)
FN:41,(anonymous_3)
FN:48,(anonymous_4)
FN:51,(anonymous_5)
FNF:6
FNH:6
FNDA:1,(anonymous_0)
FNDA:1,(anonymous_1)
FNDA:2,(anonymous_2)
FNDA:2,(anonymous_3)
FNDA:1,(anonymous_4)
FNDA:1,(anonymous_5)
DA:17,1
DA:24,1
DA:29,1
DA:30,1
DA:31,1
DA:32,1
DA:33,1
DA:35,1
DA:39,2
DA:40,2
DA:41,2
DA:42,2
DA:43,2
DA:45,2
DA:49,1
DA:50,1
DA:51,1
DA:52,1
DA:53,1
DA:55,1
DA:57,1
DA:58,1
DA:78,1
LF:23
LH:23
BRDA:42,0,0,2
BRDA:42,0,1,0
BRDA:52,1,0,1
BRDA:52,1,1,0
BRDA:55,2,0,0
BRDA:55,2,1,1
BRF:6
BRH:3
end_of_record
TN:
SF:C:/Users/ChuksJoe/Desktop/AutoMart/api/v1/models/users.js
FN:76,(anonymous_1)
FN:81,(anonymous_2)
FN:90,(anonymous_3)
FN:93,(anonymous_4)
FN:100,(anonymous_5)
FN:103,(anonymous_6)
FNF:6
FNH:6
FNDA:3,(anonymous_1)
FNDA:1,(anonymous_2)
FNDA:21,(anonymous_3)
FNDA:68,(anonymous_4)
FNDA:7,(anonymous_5)
FNDA:21,(anonymous_6)
DA:1,1
DA:4,1
DA:70,1
DA:77,3
DA:82,1
DA:83,1
DA:84,1
DA:85,1
DA:86,1
DA:87,1
DA:91,21
DA:92,21
DA:93,21
DA:94,68
DA:95,68
DA:97,21
DA:101,7
DA:102,7
DA:103,7
DA:104,21
DA:105,21
DA:107,7
DA:140,1
LF:23
LH:23
BRDA:94,0,0,20
BRDA:94,0,1,48
BRDA:104,1,0,7
BRDA:104,1,1,14
BRF:4
BRH:4
end_of_record
TN:
SF:C:/Users/ChuksJoe/Desktop/AutoMart/tests/carsTest.js
FN:8,(anonymous_1)
FN:32,(anonymous_2)
FN:35,(anonymous_3)
FN:42,(anonymous_4)
FN:61,(anonymous_5)
FN:64,(anonymous_6)
FN:70,(anonymous_7)
FN:78,(anonymous_8)
FN:83,(anonymous_9)
FN:89,(anonymous_10)
FN:98,(anonymous_11)
FN:101,(anonymous_12)
FN:109,(anonymous_13)
FN:112,(anonymous_14)
FN:123,(anonymous_15)
FN:126,(anonymous_16)
FN:133,(anonymous_17)
FN:136,(anonymous_18)
FN:139,(anonymous_19)
FN:150,(anonymous_20)
FN:153,(anonymous_21)
FN:160,(anonymous_22)
FN:163,(anonymous_23)
FN:173,(anonymous_24)
FN:176,(anonymous_25)
FN:185,(anonymous_26)
FN:188,(anonymous_27)
FN:196,(anonymous_28)
FN:199,(anonymous_29)
FN:208,(anonymous_30)
FN:211,(anonymous_31)
FN:219,(anonymous_32)
FN:222,(anonymous_33)
FN:230,(anonymous_34)
FN:233,(anonymous_35)
FN:241,(anonymous_36)
FN:244,(anonymous_37)
FN:251,(anonymous_38)
FN:254,(anonymous_39)
FN:257,(anonymous_40)
FN:265,(anonymous_41)
FN:268,(anonymous_42)
FN:271,(anonymous_43)
FN:279,(anonymous_44)
FN:282,(anonymous_45)
FN:285,(anonymous_46)
FN:293,(anonymous_47)
FN:296,(anonymous_48)
FN:300,(anonymous_49)
FN:313,(anonymous_50)
FN:316,(anonymous_51)
FN:319,(anonymous_52)
FN:332,(anonymous_53)
FN:335,(anonymous_54)
FN:338,(anonymous_55)
FNF:55
FNH:55
FNDA:1,(anonymous_1)
FNDA:1,(anonymous_2)
FNDA:1,(anonymous_3)
FNDA:1,(anonymous_4)
FNDA:1,(anonymous_5)
FNDA:1,(anonymous_6)
FNDA:1,(anonymous_7)
FNDA:1,(anonymous_8)
FNDA:1,(anonymous_9)
FNDA:1,(anonymous_10)
FNDA:1,(anonymous_11)
FNDA:1,(anonymous_12)
FNDA:1,(anonymous_13)
FNDA:1,(anonymous_14)
FNDA:1,(anonymous_15)
FNDA:1,(anonymous_16)
FNDA:1,(anonymous_17)
FNDA:1,(anonymous_18)
FNDA:12,(anonymous_19)
FNDA:1,(anonymous_20)
FNDA:1,(anonymous_21)
FNDA:1,(anonymous_22)
FNDA:1,(anonymous_23)
FNDA:1,(anonymous_24)
FNDA:1,(anonymous_25)
FNDA:1,(anonymous_26)
FNDA:1,(anonymous_27)
FNDA:1,(anonymous_28)
FNDA:1,(anonymous_29)
FNDA:1,(anonymous_30)
FNDA:1,(anonymous_31)
FNDA:1,(anonymous_32)
FNDA:1,(anonymous_33)
FNDA:1,(anonymous_34)
FNDA:1,(anonymous_35)
FNDA:1,(anonymous_36)
FNDA:1,(anonymous_37)
FNDA:1,(anonymous_38)
FNDA:1,(anonymous_39)
FNDA:1,(anonymous_40)
FNDA:1,(anonymous_41)
FNDA:1,(anonymous_42)
FNDA:1,(anonymous_43)
FNDA:1,(anonymous_44)
FNDA:1,(anonymous_45)
FNDA:1,(anonymous_46)
FNDA:1,(anonymous_47)
FNDA:1,(anonymous_48)
FNDA:1,(anonymous_49)
FNDA:1,(anonymous_50)
FNDA:1,(anonymous_51)
FNDA:1,(anonymous_52)
FNDA:1,(anonymous_53)
FNDA:1,(anonymous_54)
FNDA:1,(anonymous_55)
DA:1,1
DA:3,1
DA:5,1
DA:8,1
DA:9,1
DA:32,1
DA:33,1
DA:36,1
DA:43,1
DA:44,0
DA:45,0
DA:47,1
DA:48,1
DA:49,1
DA:56,1
DA:58,1
DA:61,1
DA:62,1
DA:65,1
DA:71,1
DA:72,1
DA:73,1
DA:75,1
DA:78,1
DA:79,1
DA:80,1
DA:81,1
DA:84,1
DA:90,1
DA:91,1
DA:92,1
DA:94,1
DA:98,1
DA:99,1
DA:102,1
DA:103,1
DA:104,1
DA:109,1
DA:110,1
DA:113,1
DA:114,1
DA:115,1
DA:120,1
DA:123,1
DA:124,1
DA:127,1
DA:128,1
DA:129,1
DA:133,1
DA:134,1
DA:137,1
DA:138,1
DA:139,1
DA:140,12
DA:143,12
DA:145,1
DA:147,1
DA:150,1
DA:151,1
DA:154,1
DA:155,1
DA:156,1
DA:158,1
DA:160,1
DA:161,1
DA:164,1
DA:165,1
DA:166,1
DA:167,1
DA:168,1
DA:169,1
DA:171,1
DA:173,1
DA:174,1
DA:177,1
DA:178,1
DA:179,1
DA:180,1
DA:181,1
DA:183,1
DA:185,1
DA:186,1
DA:189,1
DA:190,1
DA:191,1
DA:192,1
DA:194,1
DA:196,1
DA:197,1
DA:200,1
DA:201,1
DA:202,1
DA:203,1
DA:205,1
DA:208,1
DA:209,1
DA:212,1
DA:213,1
DA:214,1
DA:215,1
DA:217,1
DA:219,1
DA:220,1
DA:223,1
DA:224,1
DA:225,1
DA:226,1
DA:228,1
DA:230,1
DA:231,1
DA:234,1
DA:235,1
DA:236,1
DA:237,1
DA:239,1
DA:241,1
DA:242,1
DA:245,1
DA:246,1
DA:247,1
DA:249,1
DA:251,1
DA:252,1
DA:255,1
DA:258,1
DA:259,1
DA:261,1
DA:262,1
DA:265,1
DA:266,1
DA:269,1
DA:272,1
DA:273,1
DA:275,1
DA:276,1
DA:279,1
DA:280,1
DA:283,1
DA:286,1
DA:287,1
DA:289,1
DA:290,1
DA:293,1
DA:294,1
DA:297,1
DA:301,1
DA:302,1
DA:303,1
DA:308,1
DA:310,1
DA:313,1
DA:314,1
DA:317,1
DA:320,1
DA:321,1
DA:322,1
DA:327,1
DA:329,1
DA:332,1
DA:333,1
DA:336,1
DA:339,1
DA:340,1
DA:342,1
DA:343,1
LF:165
LH:163
BRDA:43,0,0,0
BRDA:43,0,1,1
BRF:2
BRH:1
end_of_record
TN:
SF:C:/Users/ChuksJoe/Desktop/AutoMart/tests/ordersTest.js
FN:5,(anonymous_1)
FN:6,(anonymous_2)
FN:9,(anonymous_3)
FN:13,(anonymous_4)
FN:27,(anonymous_5)
FN:30,(anonymous_6)
FN:37,(anonymous_7)
FN:40,(anonymous_8)
FN:44,(anonymous_9)
FN:53,(anonymous_10)
FN:56,(anonymous_11)
FN:60,(anonymous_12)
FN:69,(anonymous_13)
FN:72,(anonymous_14)
FN:76,(anonymous_15)
FN:84,(anonymous_16)
FN:87,(anonymous_17)
FN:91,(anonymous_18)
FN:104,(anonymous_19)
FN:107,(anonymous_20)
FN:111,(anonymous_21)
FN:119,(anonymous_22)
FN:122,(anonymous_23)
FN:125,(anonymous_24)
FN:135,(anonymous_25)
FN:138,(anonymous_26)
FNF:26
FNH:26
FNDA:1,(anonymous_1)
FNDA:1,(anonymous_2)
FNDA:1,(anonymous_3)
FNDA:1,(anonymous_4)
FNDA:1,(anonymous_5)
FNDA:1,(anonymous_6)
FNDA:1,(anonymous_7)
FNDA:1,(anonymous_8)
FNDA:1,(anonymous_9)
FNDA:1,(anonymous_10)
FNDA:1,(anonymous_11)
FNDA:1,(anonymous_12)
FNDA:1,(anonymous_13)
FNDA:1,(anonymous_14)
FNDA:1,(anonymous_15)
FNDA:1,(anonymous_16)
FNDA:1,(anonymous_17)
FNDA:1,(anonymous_18)
FNDA:1,(anonymous_19)
FNDA:1,(anonymous_20)
FNDA:1,(anonymous_21)
FNDA:1,(anonymous_22)
FNDA:1,(anonymous_23)
FNDA:1,(anonymous_24)
FNDA:1,(anonymous_25)
FNDA:1,(anonymous_26)
DA:1,1
DA:3,1
DA:5,1
DA:6,1
DA:7,1
DA:10,1
DA:14,1
DA:15,1
DA:16,1
DA:21,1
DA:23,1
DA:27,1
DA:28,1
DA:31,1
DA:32,1
DA:33,1
DA:37,1
DA:38,1
DA:41,1
DA:45,1
DA:46,1
DA:47,1
DA:49,1
DA:53,1
DA:54,1
DA:57,1
DA:61,1
DA:62,1
DA:63,1
DA:65,1
DA:69,1
DA:70,1
DA:73,1
DA:77,1
DA:78,1
DA:79,1
DA:81,1
DA:84,1
DA:85,1
DA:88,1
DA:92,1
DA:93,1
DA:94,1
DA:99,1
DA:101,1
DA:104,1
DA:105,1
DA:108,1
DA:112,1
DA:113,1
DA:114,1
DA:116,1
DA:119,1
DA:120,1
DA:123,1
DA:126,1
DA:127,1
DA:128,1
DA:129,1
DA:130,1
DA:132,1
DA:135,1
DA:136,1
DA:139,1
DA:140,1
DA:141,1
LF:66
LH:66
BRF:0
BRH:0
end_of_record
TN:
SF:C:/Users/ChuksJoe/Desktop/AutoMart/tests/usersTest.js
FN:12,(anonymous_1)
FN:13,(anonymous_2)
FN:19,(anonymous_3)
FN:35,(anonymous_4)
FN:38,(anonymous_5)
FN:49,(anonymous_6)
FN:53,(anonymous_7)
FN:59,(anonymous_8)
FN:65,(anonymous_9)
FN:71,(anonymous_10)
FN:74,(anonymous_11)
FN:86,(anonymous_12)
FN:89,(anonymous_13)
FN:95,(anonymous_14)
FN:98,(anonymous_15)
FN:104,(anonymous_16)
FN:107,(anonymous_17)
FN:110,(anonymous_18)
FN:124,(anonymous_19)
FN:127,(anonymous_20)
FN:130,(anonymous_21)
FNF:21
FNH:21
FNDA:1,(anonymous_1)
FNDA:1,(anonymous_2)
FNDA:1,(anonymous_3)
FNDA:1,(anonymous_4)
FNDA:1,(anonymous_5)
FNDA:1,(anonymous_6)
FNDA:1,(anonymous_7)
FNDA:1,(anonymous_8)
FNDA:1,(anonymous_9)
FNDA:1,(anonymous_10)
FNDA:1,(anonymous_11)
FNDA:1,(anonymous_12)
FNDA:1,(anonymous_13)
FNDA:1,(anonymous_14)
FNDA:1,(anonymous_15)
FNDA:1,(anonymous_16)
FNDA:1,(anonymous_17)
FNDA:1,(anonymous_18)
FNDA:1,(anonymous_19)
FNDA:1,(anonymous_20)
FNDA:1,(anonymous_21)
DA:1,1
DA:2,1
DA:4,1
DA:6,1
DA:7,1
DA:9,1
DA:10,1
DA:12,1
DA:13,1
DA:14,1
DA:19,1
DA:20,1
DA:35,1
DA:36,1
DA:39,1
DA:40,1
DA:46,1
DA:49,1
DA:50,1
DA:51,1
DA:54,1
DA:55,1
DA:56,1
DA:59,1
DA:61,1
DA:62,1
DA:63,1
DA:66,1
DA:67,1
DA:68,1
DA:71,1
DA:72,1
DA:75,1
DA:76,1
DA:77,1
DA:83,1
DA:86,1
DA:87,1
DA:90,1
DA:91,1
DA:92,1
DA:95,1
DA:96,1
DA:99,1
DA:100,1
DA:101,1
DA:104,1
DA:105,1
DA:108,1
DA:111,1
DA:112,1
DA:113,1
DA:114,1
DA:119,1
DA:121,1
DA:124,1
DA:125,1
DA:128,1
DA:131,1
DA:132,1
DA:133,1
DA:135,1
LF:62
LH:62
BRF:0
BRH:0
end_of_record
