TN:
SF:C:/Users/ChuksJoe/Desktop/AutoMart/api/v1/index.js
FN:34,(anonymous_1)
FN:38,(anonymous_2)
FN:42,(anonymous_3)
FN:46,(anonymous_4)
FN:50,(anonymous_5)
FN:54,(anonymous_6)
FN:58,(anonymous_7)
FN:62,(anonymous_8)
FN:66,(anonymous_9)
FN:70,(anonymous_10)
FN:74,(anonymous_11)
FN:79,(anonymous_12)
FN:83,(anonymous_13)
FNF:13
FNH:1
FNDA:0,(anonymous_1)
FNDA:0,(anonymous_2)
FNDA:0,(anonymous_3)
FNDA:0,(anonymous_4)
FNDA:0,(anonymous_5)
FNDA:0,(anonymous_6)
FNDA:0,(anonymous_7)
FNDA:0,(anonymous_8)
FNDA:0,(anonymous_9)
FNDA:0,(anonymous_10)
FNDA:0,(anonymous_11)
FNDA:0,(anonymous_12)
FNDA:1,(anonymous_13)
DA:1,1
DA:2,1
DA:3,1
DA:4,1
DA:6,1
DA:8,1
DA:9,1
DA:10,1
DA:12,1
DA:13,1
DA:14,1
DA:16,1
DA:17,1
DA:18,1
DA:21,1
DA:24,1
DA:26,1
DA:27,1
DA:28,1
DA:29,1
DA:30,1
DA:31,1
DA:32,1
DA:34,1
DA:35,0
DA:38,1
DA:39,0
DA:42,1
DA:43,0
DA:46,1
DA:47,0
DA:50,1
DA:51,0
DA:54,1
DA:55,0
DA:58,1
DA:59,0
DA:62,1
DA:63,0
DA:66,1
DA:67,0
DA:70,1
DA:71,0
DA:74,1
DA:75,0
DA:79,1
DA:80,0
DA:83,1
DA:84,1
DA:88,1
DA:89,1
LF:51
LH:39
BRDA:83,0,0,1
BRDA:83,0,1,0
BRF:2
BRH:1
end_of_record
TN:
SF:C:/Users/ChuksJoe/Desktop/AutoMart/api/v1/server.js
FNF:0
FNH:0
DA:1,1
DA:2,1
DA:4,1
DA:5,1
DA:6,1
DA:7,1
DA:9,1
DA:10,1
DA:13,1
DA:14,1
DA:15,1
DA:18,1
DA:19,1
DA:20,1
DA:21,1
DA:22,1
DA:23,1
DA:26,1
DA:27,1
DA:28,1
DA:30,1
LF:21
LH:21
BRF:0
BRH:0
end_of_record
TN:
SF:C:/Users/ChuksJoe/Desktop/AutoMart/api/v1/controllers/auth.js
FN:10,(anonymous_1)
FN:19,(anonymous_2)
FN:31,(anonymous_3)
FN:38,(anonymous_4)
FN:78,(anonymous_5)
FNF:5
FNH:5
FNDA:2,(anonymous_1)
FNDA:3,(anonymous_2)
FNDA:4,(anonymous_3)
FNDA:1,(anonymous_4)
FNDA:18,(anonymous_5)
DA:1,1
DA:2,1
DA:4,1
DA:5,1
DA:6,1
DA:11,2
DA:12,2
DA:13,1
DA:15,1
DA:20,3
DA:21,3
DA:22,3
DA:26,3
DA:27,3
DA:28,1
DA:30,2
DA:31,2
DA:32,4
DA:33,1
DA:35,3
DA:38,1
DA:39,1
DA:40,0
DA:42,1
DA:61,1
DA:62,1
DA:63,1
DA:64,1
DA:65,1
DA:67,0
DA:72,2
DA:75,3
DA:79,18
DA:80,18
DA:81,18
DA:82,18
DA:83,1
DA:85,17
DA:86,17
DA:87,16
DA:88,16
DA:89,16
DA:90,16
DA:92,1
DA:95,2
LF:45
LH:43
BRDA:12,0,0,1
BRDA:12,0,1,1
BRDA:27,1,0,1
BRDA:27,1,1,2
BRDA:32,2,0,1
BRDA:32,2,1,3
BRDA:39,3,0,0
BRDA:39,3,1,1
BRDA:61,4,0,1
BRDA:61,4,1,0
BRDA:82,5,0,1
BRDA:82,5,1,17
BRDA:86,6,0,16
BRDA:86,6,1,1
BRF:14
BRH:12
end_of_record
TN:
SF:C:/Users/ChuksJoe/Desktop/AutoMart/api/v1/controllers/cars.js
FN:17,(anonymous_1)
FN:42,(anonymous_2)
FN:75,(anonymous_3)
FN:88,(anonymous_4)
FN:98,(anonymous_5)
FN:105,(anonymous_6)
FN:111,(anonymous_7)
FN:117,(anonymous_8)
FN:123,(anonymous_9)
FN:129,(anonymous_10)
FN:136,(anonymous_11)
FN:141,(anonymous_12)
FN:163,(anonymous_13)
FN:183,(anonymous_14)
FNF:14
FNH:10
FNDA:0,(anonymous_1)
FNDA:0,(anonymous_2)
FNDA:0,(anonymous_3)
FNDA:1,(anonymous_4)
FNDA:8,(anonymous_5)
FNDA:12,(anonymous_6)
FNDA:66,(anonymous_7)
FNDA:22,(anonymous_8)
FNDA:11,(anonymous_9)
FNDA:23,(anonymous_10)
FNDA:0,(anonymous_11)
FNDA:3,(anonymous_12)
FNDA:1,(anonymous_13)
FNDA:2,(anonymous_14)
DA:1,1
DA:2,1
DA:3,1
DA:4,1
DA:6,1
DA:7,1
DA:9,1
DA:18,0
DA:19,0
DA:20,0
DA:21,0
DA:23,0
DA:24,0
DA:26,0
DA:27,0
DA:29,0
DA:35,0
DA:37,0
DA:43,0
DA:73,0
DA:76,0
DA:77,0
DA:78,0
DA:80,0
DA:83,0
DA:89,1
DA:90,1
DA:91,1
DA:93,0
DA:99,8
DA:101,8
DA:102,8
DA:103,1
DA:104,1
DA:105,12
DA:109,8
DA:110,8
DA:111,66
DA:115,8
DA:116,8
DA:117,22
DA:121,8
DA:122,8
DA:123,11
DA:127,8
DA:128,8
DA:129,23
DA:133,8
DA:134,8
DA:135,0
DA:136,0
DA:138,8
DA:142,3
DA:143,3
DA:144,3
DA:145,3
DA:146,0
DA:148,3
DA:149,1
DA:151,2
DA:152,2
DA:158,1
DA:164,1
DA:165,1
DA:166,1
DA:167,1
DA:168,1
DA:169,0
DA:171,1
DA:172,0
DA:174,1
DA:175,1
DA:176,1
DA:178,0
DA:184,2
DA:185,2
DA:186,2
DA:187,2
DA:188,0
DA:190,2
DA:191,1
DA:193,1
DA:194,1
DA:195,1
DA:201,1
LF:85
LH:59
BRDA:20,0,0,0
BRDA:20,0,1,0
BRDA:23,1,0,0
BRDA:23,1,1,0
BRDA:26,2,0,0
BRDA:26,2,1,0
BRDA:76,3,0,0
BRDA:76,3,1,0
BRDA:90,4,0,1
BRDA:90,4,1,0
BRDA:102,5,0,1
BRDA:102,5,1,7
BRDA:102,6,0,8
BRDA:102,6,1,7
BRDA:103,7,0,0
BRDA:103,7,1,1
BRDA:104,8,0,0
BRDA:104,8,1,1
BRDA:105,9,0,12
BRDA:105,9,1,9
BRDA:110,10,0,6
BRDA:110,10,1,2
BRDA:116,11,0,2
BRDA:116,11,1,6
BRDA:122,12,0,1
BRDA:122,12,1,7
BRDA:128,13,0,2
BRDA:128,13,1,6
BRDA:134,14,0,0
BRDA:134,14,1,8
BRDA:145,15,0,0
BRDA:145,15,1,3
BRDA:148,16,0,1
BRDA:148,16,1,2
BRDA:148,17,0,3
BRDA:148,17,1,2
BRDA:168,18,0,0
BRDA:168,18,1,1
BRDA:171,19,0,0
BRDA:171,19,1,1
BRDA:187,20,0,0
BRDA:187,20,1,2
BRDA:190,21,0,1
BRDA:190,21,1,1
BRF:44
BRH:28
end_of_record
TN:
SF:C:/Users/ChuksJoe/Desktop/AutoMart/api/v1/controllers/orders.js
FN:14,(anonymous_1)
FN:19,(anonymous_2)
FN:36,(anonymous_3)
FN:72,(anonymous_4)
FNF:4
FNH:4
FNDA:1,(anonymous_1)
FNDA:1,(anonymous_2)
FNDA:4,(anonymous_3)
FNDA:2,(anonymous_4)
DA:1,1
DA:2,1
DA:3,1
DA:4,1
DA:5,1
DA:15,1
DA:16,1
DA:17,1
DA:18,1
DA:19,1
DA:20,1
DA:21,0
DA:22,1
DA:23,1
DA:25,1
DA:27,1
DA:37,4
DA:38,4
DA:39,4
DA:40,4
DA:41,1
DA:43,3
DA:44,1
DA:46,2
DA:47,1
DA:49,1
DA:50,1
DA:52,1
DA:65,1
DA:67,3
DA:73,2
DA:74,2
DA:75,2
DA:76,2
DA:77,2
DA:78,0
DA:80,2
DA:81,2
DA:82,1
DA:84,1
DA:86,1
DA:87,1
DA:88,1
DA:89,1
DA:90,1
DA:92,1
DA:94,1
LF:47
LH:45
BRDA:20,0,0,0
BRDA:20,0,1,1
BRDA:22,1,0,1
BRDA:22,1,1,0
BRDA:40,2,0,1
BRDA:40,2,1,3
BRDA:43,3,0,1
BRDA:43,3,1,2
BRDA:43,4,0,3
BRDA:43,4,1,3
BRDA:46,5,0,1
BRDA:46,5,1,1
BRDA:77,6,0,0
BRDA:77,6,1,2
BRDA:81,7,0,1
BRDA:81,7,1,1
BRDA:81,8,0,2
BRDA:81,8,1,1
BRDA:87,9,0,1
BRDA:87,9,1,0
BRF:20
BRH:16
end_of_record
TN:
SF:C:/Users/ChuksJoe/Desktop/AutoMart/api/v1/helpers/ApiError.js
FN:2,(anonymous_0)
FNF:1
FNH:1
FNDA:13,(anonymous_0)
DA:3,13
DA:5,13
DA:6,13
LF:3
LH:3
BRF:0
BRH:0
end_of_record
TN:
SF:C:/Users/ChuksJoe/Desktop/AutoMart/api/v1/helpers/utils.js
FN:10,(anonymous_1)
FN:13,(anonymous_2)
FN:24,(anonymous_3)
FN:26,(anonymous_4)
FN:33,(anonymous_5)
FN:57,(anonymous_6)
FN:72,(anonymous_7)
FNF:7
FNH:6
FNDA:51,(anonymous_1)
FNDA:17,(anonymous_2)
FNDA:3,(anonymous_3)
FNDA:20,(anonymous_4)
FNDA:18,(anonymous_5)
FNDA:3,(anonymous_6)
FNDA:0,(anonymous_7)
DA:1,1
DA:2,1
DA:4,1
DA:6,1
DA:7,1
DA:10,51
DA:12,1
DA:14,17
DA:15,17
DA:17,17
DA:18,17
DA:19,17
DA:24,3
DA:27,20
DA:28,20
DA:29,20
DA:30,20
DA:34,18
DA:35,18
DA:36,3
DA:38,15
DA:39,15
DA:40,0
DA:42,15
DA:43,15
DA:44,15
DA:45,15
DA:46,15
DA:48,0
DA:49,0
DA:52,3
DA:55,18
DA:58,3
DA:59,3
DA:60,3
DA:61,3
DA:62,2
DA:63,0
DA:65,3
DA:66,3
DA:67,3
DA:68,3
DA:70,3
DA:73,0
DA:74,0
DA:75,0
DA:76,0
DA:77,0
DA:78,0
DA:79,0
DA:80,0
DA:81,0
DA:82,0
DA:83,0
DA:84,0
DA:85,0
DA:86,0
DA:87,0
DA:89,0
LF:59
LH:39
BRDA:10,0,0,17
BRDA:10,0,1,34
BRDA:21,1,0,17
BRDA:21,1,1,0
BRDA:21,2,0,17
BRDA:21,2,1,0
BRDA:35,3,0,3
BRDA:35,3,1,15
BRDA:35,4,0,18
BRDA:35,4,1,18
BRDA:39,5,0,0
BRDA:39,5,1,15
BRDA:59,6,0,1
BRDA:59,6,1,2
BRDA:60,7,0,0
BRDA:60,7,1,3
BRDA:61,8,0,1
BRDA:61,8,1,2
BRDA:62,9,0,0
BRDA:62,9,1,2
BRDA:62,10,0,2
BRDA:62,10,1,2
BRDA:65,11,0,0
BRDA:65,11,1,3
BRDA:66,12,0,0
BRDA:66,12,1,3
BRDA:67,13,0,3
BRDA:67,13,1,0
BRDA:68,14,0,0
BRDA:68,14,1,3
BRDA:74,15,0,0
BRDA:74,15,1,0
BRDA:75,16,0,0
BRDA:75,16,1,0
BRDA:76,17,0,0
BRDA:76,17,1,0
BRDA:77,18,0,0
BRDA:77,18,1,0
BRDA:78,19,0,0
BRDA:78,19,1,0
BRDA:79,20,0,0
BRDA:79,20,1,0
BRDA:80,21,0,0
BRDA:80,21,1,0
BRDA:81,22,0,0
BRDA:81,22,1,0
BRDA:82,23,0,0
BRDA:82,23,1,0
BRDA:83,24,0,0
BRDA:83,24,1,0
BRDA:84,25,0,0
BRDA:84,25,1,0
BRDA:85,26,0,0
BRDA:85,26,1,0
BRDA:86,27,0,0
BRDA:86,27,1,0
BRDA:87,28,0,0
BRDA:87,28,1,0
BRF:58
BRH:21
end_of_record
TN:
SF:C:/Users/ChuksJoe/Desktop/AutoMart/api/v1/models/cars.js
FN:9,(anonymous_1)
FN:13,(anonymous_2)
FN:23,(anonymous_3)
FN:26,(anonymous_4)
FN:33,(anonymous_5)
FN:36,(anonymous_6)
FN:46,(anonymous_7)
FN:49,(anonymous_8)
FNF:8
FNH:7
FNDA:8,(anonymous_1)
FNDA:0,(anonymous_2)
FNDA:11,(anonymous_3)
FNDA:115,(anonymous_4)
FNDA:2,(anonymous_5)
FNDA:20,(anonymous_6)
FNDA:2,(anonymous_7)
FNDA:23,(anonymous_8)
DA:1,1
DA:3,1
DA:10,8
DA:14,0
DA:15,0
DA:16,0
DA:17,0
DA:18,0
DA:20,0
DA:24,11
DA:25,11
DA:26,11
DA:27,115
DA:28,115
DA:30,11
DA:34,2
DA:35,2
DA:36,2
DA:37,20
DA:38,20
DA:40,2
DA:42,2
DA:43,2
DA:47,2
DA:48,2
DA:49,2
DA:50,23
DA:51,23
DA:53,2
DA:55,2
DA:56,2
DA:57,2
DA:61,1
LF:33
LH:27
BRDA:27,0,0,10
BRDA:27,0,1,105
BRDA:37,1,0,2
BRDA:37,1,1,18
BRDA:40,2,0,0
BRDA:40,2,1,2
BRDA:50,3,0,2
BRDA:50,3,1,21
BRDA:53,4,0,0
BRDA:53,4,1,2
BRF:10
BRH:8
end_of_record
TN:
SF:C:/Users/ChuksJoe/Desktop/AutoMart/api/v1/models/carsData.js
FNF:0
FNH:0
DA:1,1
DA:3,1
DA:4,1
DA:379,1
LF:4
LH:4
BRF:0
BRH:0
end_of_record
TN:
SF:C:/Users/ChuksJoe/Desktop/AutoMart/api/v1/models/orders.js
FN:23,(anonymous_0)
FN:28,(anonymous_1)
FN:38,(anonymous_2)
FN:41,(anonymous_3)
FN:48,(anonymous_4)
FN:51,(anonymous_5)
FNF:6
FNH:6
FNDA:1,(anonymous_0)
FNDA:1,(anonymous_1)
FNDA:2,(anonymous_2)
FNDA:2,(anonymous_3)
FNDA:1,(anonymous_4)
FNDA:1,(anonymous_5)
DA:17,1
DA:24,1
DA:29,1
DA:30,1
DA:31,1
DA:32,1
DA:33,1
DA:35,1
DA:39,2
DA:40,2
DA:41,2
DA:42,2
DA:43,2
DA:45,2
DA:49,1
DA:50,1
DA:51,1
DA:52,1
DA:53,1
DA:55,1
DA:57,1
DA:58,1
DA:78,1
LF:23
LH:23
BRDA:42,0,0,2
BRDA:42,0,1,0
BRDA:52,1,0,1
BRDA:52,1,1,0
BRDA:55,2,0,0
BRDA:55,2,1,1
BRF:6
BRH:3
end_of_record
TN:
SF:C:/Users/ChuksJoe/Desktop/AutoMart/api/v1/models/users.js
FN:76,(anonymous_1)
FN:81,(anonymous_2)
FN:90,(anonymous_3)
FN:93,(anonymous_4)
FN:100,(anonymous_5)
FN:103,(anonymous_6)
FNF:6
FNH:6
FNDA:3,(anonymous_1)
FNDA:1,(anonymous_2)
FNDA:18,(anonymous_3)
FNDA:59,(anonymous_4)
FNDA:4,(anonymous_5)
FNDA:12,(anonymous_6)
DA:1,1
DA:4,1
DA:70,1
DA:77,3
DA:82,1
DA:83,1
DA:84,1
DA:85,1
DA:86,1
DA:87,1
DA:91,18
DA:92,18
DA:93,18
DA:94,59
DA:95,59
DA:97,18
DA:101,4
DA:102,4
DA:103,4
DA:104,12
DA:105,12
DA:107,4
DA:140,1
LF:23
LH:23
BRDA:94,0,0,17
BRDA:94,0,1,42
BRDA:104,1,0,4
BRDA:104,1,1,8
BRF:4
BRH:4
end_of_record
TN:
SF:C:/Users/ChuksJoe/Desktop/AutoMart/tests/carsTest.js
FN:6,(anonymous_1)
FN:62,(anonymous_2)
FN:66,(anonymous_3)
FN:74,(anonymous_4)
FN:77,(anonymous_5)
FN:89,(anonymous_6)
FN:92,(anonymous_7)
FN:95,(anonymous_8)
FN:106,(anonymous_9)
FN:109,(anonymous_10)
FN:116,(anonymous_11)
FN:119,(anonymous_12)
FN:129,(anonymous_13)
FN:132,(anonymous_14)
FN:140,(anonymous_15)
FN:143,(anonymous_16)
FN:152,(anonymous_17)
FN:155,(anonymous_18)
FN:163,(anonymous_19)
FN:166,(anonymous_20)
FN:174,(anonymous_21)
FN:177,(anonymous_22)
FN:185,(anonymous_23)
FN:188,(anonymous_24)
FN:191,(anonymous_25)
FN:199,(anonymous_26)
FN:202,(anonymous_27)
FN:205,(anonymous_28)
FN:213,(anonymous_29)
FN:216,(anonymous_30)
FN:219,(anonymous_31)
FN:227,(anonymous_32)
FN:230,(anonymous_33)
FN:234,(anonymous_34)
FN:247,(anonymous_35)
FN:250,(anonymous_36)
FN:253,(anonymous_37)
FN:266,(anonymous_38)
FN:269,(anonymous_39)
FN:272,(anonymous_40)
FNF:40
FNH:40
FNDA:1,(anonymous_1)
FNDA:1,(anonymous_2)
FNDA:1,(anonymous_3)
FNDA:1,(anonymous_4)
FNDA:1,(anonymous_5)
FNDA:1,(anonymous_6)
FNDA:1,(anonymous_7)
FNDA:11,(anonymous_8)
FNDA:1,(anonymous_9)
FNDA:1,(anonymous_10)
FNDA:1,(anonymous_11)
FNDA:1,(anonymous_12)
FNDA:1,(anonymous_13)
FNDA:1,(anonymous_14)
FNDA:1,(anonymous_15)
FNDA:1,(anonymous_16)
FNDA:1,(anonymous_17)
FNDA:1,(anonymous_18)
FNDA:1,(anonymous_19)
FNDA:1,(anonymous_20)
FNDA:1,(anonymous_21)
FNDA:1,(anonymous_22)
FNDA:1,(anonymous_23)
FNDA:1,(anonymous_24)
FNDA:1,(anonymous_25)
FNDA:1,(anonymous_26)
FNDA:1,(anonymous_27)
FNDA:1,(anonymous_28)
FNDA:1,(anonymous_29)
FNDA:1,(anonymous_30)
FNDA:1,(anonymous_31)
FNDA:1,(anonymous_32)
FNDA:1,(anonymous_33)
FNDA:1,(anonymous_34)
FNDA:1,(anonymous_35)
FNDA:1,(anonymous_36)
FNDA:1,(anonymous_37)
FNDA:1,(anonymous_38)
FNDA:1,(anonymous_39)
FNDA:1,(anonymous_40)
DA:1,1
DA:3,1
DA:6,1
DA:7,1
DA:8,1
DA:62,1
DA:63,1
DA:64,1
DA:67,1
DA:68,1
DA:69,1
DA:74,1
DA:75,1
DA:78,1
DA:79,1
DA:80,1
DA:85,1
DA:89,1
DA:90,1
DA:93,1
DA:94,1
DA:95,1
DA:96,11
DA:99,11
DA:101,1
DA:103,1
DA:106,1
DA:107,1
DA:110,1
DA:111,1
DA:112,1
DA:114,1
DA:116,1
DA:117,1
DA:120,1
DA:121,1
DA:122,1
DA:123,1
DA:124,1
DA:125,1
DA:127,1
DA:129,1
DA:130,1
DA:133,1
DA:134,1
DA:135,1
DA:136,1
DA:138,1
DA:140,1
DA:141,1
DA:144,1
DA:145,1
DA:146,1
DA:147,1
DA:149,1
DA:152,1
DA:153,1
DA:156,1
DA:157,1
DA:158,1
DA:159,1
DA:161,1
DA:163,1
DA:164,1
DA:167,1
DA:168,1
DA:169,1
DA:170,1
DA:172,1
DA:174,1
DA:175,1
DA:178,1
DA:179,1
DA:180,1
DA:181,1
DA:183,1
DA:185,1
DA:186,1
DA:189,1
DA:192,1
DA:193,1
DA:195,1
DA:196,1
DA:199,1
DA:200,1
DA:203,1
DA:206,1
DA:207,1
DA:209,1
DA:210,1
DA:213,1
DA:214,1
DA:217,1
DA:220,1
DA:221,1
DA:223,1
DA:224,1
DA:227,1
DA:228,1
DA:231,1
DA:235,1
DA:236,1
DA:237,1
DA:242,1
DA:244,1
DA:247,1
DA:248,1
DA:251,1
DA:254,1
DA:255,1
DA:256,1
DA:261,1
DA:263,1
DA:266,1
DA:267,1
DA:270,1
DA:273,1
DA:274,1
DA:276,1
DA:277,1
LF:120
LH:120
BRF:0
BRH:0
end_of_record
TN:
SF:C:/Users/ChuksJoe/Desktop/AutoMart/tests/ordersTest.js
FN:5,(anonymous_1)
FN:6,(anonymous_2)
FN:9,(anonymous_3)
FN:13,(anonymous_4)
FN:27,(anonymous_5)
FN:30,(anonymous_6)
FN:37,(anonymous_7)
FN:40,(anonymous_8)
FN:44,(anonymous_9)
FN:53,(anonymous_10)
FN:56,(anonymous_11)
FN:60,(anonymous_12)
FN:69,(anonymous_13)
FN:72,(anonymous_14)
FN:76,(anonymous_15)
FN:84,(anonymous_16)
FN:87,(anonymous_17)
FN:91,(anonymous_18)
FN:104,(anonymous_19)
FN:107,(anonymous_20)
FN:111,(anonymous_21)
FN:119,(anonymous_22)
FN:122,(anonymous_23)
FN:125,(anonymous_24)
FN:135,(anonymous_25)
FN:138,(anonymous_26)
FNF:26
FNH:26
FNDA:1,(anonymous_1)
FNDA:1,(anonymous_2)
FNDA:1,(anonymous_3)
FNDA:1,(anonymous_4)
FNDA:1,(anonymous_5)
FNDA:1,(anonymous_6)
FNDA:1,(anonymous_7)
FNDA:1,(anonymous_8)
FNDA:1,(anonymous_9)
FNDA:1,(anonymous_10)
FNDA:1,(anonymous_11)
FNDA:1,(anonymous_12)
FNDA:1,(anonymous_13)
FNDA:1,(anonymous_14)
FNDA:1,(anonymous_15)
FNDA:1,(anonymous_16)
FNDA:1,(anonymous_17)
FNDA:1,(anonymous_18)
FNDA:1,(anonymous_19)
FNDA:1,(anonymous_20)
FNDA:1,(anonymous_21)
FNDA:1,(anonymous_22)
FNDA:1,(anonymous_23)
FNDA:1,(anonymous_24)
FNDA:1,(anonymous_25)
FNDA:1,(anonymous_26)
DA:1,1
DA:3,1
DA:5,1
DA:6,1
DA:7,1
DA:10,1
DA:14,1
DA:15,1
DA:16,1
DA:21,1
DA:23,1
DA:27,1
DA:28,1
DA:31,1
DA:32,1
DA:33,1
DA:37,1
DA:38,1
DA:41,1
DA:45,1
DA:46,1
DA:47,1
DA:49,1
DA:53,1
DA:54,1
DA:57,1
DA:61,1
DA:62,1
DA:63,1
DA:65,1
DA:69,1
DA:70,1
DA:73,1
DA:77,1
DA:78,1
DA:79,1
DA:81,1
DA:84,1
DA:85,1
DA:88,1
DA:92,1
DA:93,1
DA:94,1
DA:99,1
DA:101,1
DA:104,1
DA:105,1
DA:108,1
DA:112,1
DA:113,1
DA:114,1
DA:116,1
DA:119,1
DA:120,1
DA:123,1
DA:126,1
DA:127,1
DA:128,1
DA:129,1
DA:130,1
DA:132,1
DA:135,1
DA:136,1
DA:139,1
DA:140,1
DA:141,1
LF:66
LH:66
BRF:0
BRH:0
end_of_record
TN:
SF:C:/Users/ChuksJoe/Desktop/AutoMart/tests/usersTest.js
FN:12,(anonymous_1)
FN:13,(anonymous_2)
FN:19,(anonymous_3)
FN:35,(anonymous_4)
FN:38,(anonymous_5)
FN:49,(anonymous_6)
FN:53,(anonymous_7)
FN:59,(anonymous_8)
FN:65,(anonymous_9)
FN:71,(anonymous_10)
FN:74,(anonymous_11)
FN:86,(anonymous_12)
FN:89,(anonymous_13)
FN:95,(anonymous_14)
FN:98,(anonymous_15)
FN:104,(anonymous_16)
FN:107,(anonymous_17)
FN:110,(anonymous_18)
FN:124,(anonymous_19)
FN:127,(anonymous_20)
FN:130,(anonymous_21)
FNF:21
FNH:21
FNDA:1,(anonymous_1)
FNDA:1,(anonymous_2)
FNDA:1,(anonymous_3)
FNDA:1,(anonymous_4)
FNDA:1,(anonymous_5)
FNDA:1,(anonymous_6)
FNDA:1,(anonymous_7)
FNDA:1,(anonymous_8)
FNDA:1,(anonymous_9)
FNDA:1,(anonymous_10)
FNDA:1,(anonymous_11)
FNDA:1,(anonymous_12)
FNDA:1,(anonymous_13)
FNDA:1,(anonymous_14)
FNDA:1,(anonymous_15)
FNDA:1,(anonymous_16)
FNDA:1,(anonymous_17)
FNDA:1,(anonymous_18)
FNDA:1,(anonymous_19)
FNDA:1,(anonymous_20)
FNDA:1,(anonymous_21)
DA:1,1
DA:2,1
DA:4,1
DA:6,1
DA:7,1
DA:9,1
DA:10,1
DA:12,1
DA:13,1
DA:14,1
DA:19,1
DA:20,1
DA:35,1
DA:36,1
DA:39,1
DA:40,1
DA:46,1
DA:49,1
DA:50,1
DA:51,1
DA:54,1
DA:55,1
DA:56,1
DA:59,1
DA:61,1
DA:62,1
DA:63,1
DA:66,1
DA:67,1
DA:68,1
DA:71,1
DA:72,1
DA:75,1
DA:76,1
DA:77,1
DA:83,1
DA:86,1
DA:87,1
DA:90,1
DA:91,1
DA:92,1
DA:95,1
DA:96,1
DA:99,1
DA:100,1
DA:101,1
DA:104,1
DA:105,1
DA:108,1
DA:111,1
DA:112,1
DA:113,1
DA:114,1
DA:119,1
DA:121,1
DA:124,1
DA:125,1
DA:128,1
DA:131,1
DA:132,1
DA:133,1
DA:135,1
LF:62
LH:62
BRF:0
BRH:0
end_of_record
